2016-08-19 12:06:55 [::1][-][-][error][yii\base\ErrorException:8] exception 'yii\base\ErrorException' with message 'Undefined variable: time' in D:\xampp\htdocs\OrderManager\_protected\frontend\views\layouts\main.php:26
Stack trace:
#0 D:\xampp\htdocs\OrderManager\_protected\frontend\views\layouts\main.php(26): yii\base\ErrorHandler->handleError(8, 'Undefined varia...', 'D:\\xampp\\htdocs...', 26, Array)
#1 D:\xampp\htdocs\OrderManager\_protected\vendor\yiisoft\yii2\base\View.php(325): require('D:\\xampp\\htdocs...')
#2 D:\xampp\htdocs\OrderManager\_protected\vendor\yiisoft\yii2\base\View.php(247): yii\base\View->renderPhpFile('D:\\xampp\\htdocs...', Array)
#3 D:\xampp\htdocs\OrderManager\_protected\vendor\yiisoft\yii2\base\Controller.php(393): yii\base\View->renderFile('D:\\xampp\\htdocs...', Array, Object(frontend\controllers\SiteController))
#4 D:\xampp\htdocs\OrderManager\_protected\vendor\yiisoft\yii2\base\Controller.php(379): yii\base\Controller->renderContent('<div class="sit...')
#5 D:\xampp\htdocs\OrderManager\_protected\frontend\controllers\SiteController.php(89): yii\base\Controller->render('index')
#6 [internal function]: frontend\controllers\SiteController->actionIndex()
#7 D:\xampp\htdocs\OrderManager\_protected\vendor\yiisoft\yii2\base\InlineAction.php(55): call_user_func_array(Array, Array)
#8 D:\xampp\htdocs\OrderManager\_protected\vendor\yiisoft\yii2\base\Controller.php(154): yii\base\InlineAction->runWithParams(Array)
#9 D:\xampp\htdocs\OrderManager\_protected\vendor\yiisoft\yii2\base\Module.php(454): yii\base\Controller->runAction('', Array)
#10 D:\xampp\htdocs\OrderManager\_protected\vendor\yiisoft\yii2\web\Application.php(87): yii\base\Module->runAction('', Array)
#11 D:\xampp\htdocs\OrderManager\_protected\vendor\yiisoft\yii2\base\Application.php(375): yii\web\Application->handleRequest(Object(yii\web\Request))
#12 D:\xampp\htdocs\OrderManager\index.php(18): yii\base\Application->run()
#13 {main}
2016-08-19 12:06:53 [::1][-][-][info][application] $_COOKIE = [
    'ai_user' => 'gke2r|2016-02-18T08:14:18.094Z'
    'ASP_NET_SessionId' => 'xgnvyfhz0suxhwiacvncrza2'
    '__RequestVerificationToken' => 'q9fhQonFwf8u27JaPaH7O13NzvWJe-ovbkjdrTKrLUHuDw4zuME_ZVQwUXxYIz9MXyRB9v-dxoPNTysNYhH2Lu86g25puCai8DnJ3qEj3tE1'
    '_AspNet_ApplicationCookie' => '1uWAXolfCII-EjfX38ddi-dRROpOSTerbmJ6KbK-FBbWTDLIj0cFbSc4xrUfoqz-nfzAP8xt3W6tvMtJdAewtl4hlj516xZZWqaJs0USpBAZikDmXWG_nLPtSzj74W8xweg79kJGw7Is5ZVdCwPCbCkO_4KiLiuen7mPKW47rJ8MqSlyYrAPRAU-pbMwIQ60eVnxd6DeV5z5Zr043BnI3pqIe0zyIwjzx9FFUOjPJLrlAIphzDkwx14g8b97wnrEJqYrzZ219amTHg98aBqNhyIxv3ydlpckmhzKx1e0D5UlTzFcinutwRleRCH3L-04QybyJrTyhTHyOqfXFiBtc1pGx1OqxKcAn4H3QUrBR3PkBlPp7lyspeMQ07lgZ0LBhrUSbcuj7Z5w0ABG3l_yAa3qKVPo0Ay6tr17bs-qhDNxHOUQO2CxGgP1KrzpOGwTjbCHR2zjBMrk63ZqzJF_OEpMaIXmrhADEZyzii0tA3nvJexDSGmB8qgQHRLFmAUw'
    'optimizelySegments' => '{\"2332430320\":\"false\",\"2360760115\":\"direct\",\"2366190111\":\"gc\"}'
    'optimizelyEndUserId' => 'oeu1471581584808r0.03560499770328707'
    'optimizelyBuckets' => '{}'
    '__utma' => '111872281.1995383452.1471581586.1471581586.1471581586.1'
    '__utmc' => '111872281'
    '__utmz' => '111872281.1471581586.1.1.utmcsr=(direct)|utmccn=(direct)|utmcmd=(none)'
    '_vwo_uuid_v2' => '36228F98D123246E023E706E6AF60F17|3a3024b93f27a1946d7098979a08055d'
    '__atuvc' => '0|29,0|30,0|31,0|32,1|33'
    '_csrf-frontend' => 'b8ad0b2b942df79e752bdf93f5f9ce6fe1f85a3e6acb393fc044de61bd8517fba:2:{i:0;s:14:\"_csrf-frontend\";i:1;s:32:\"KZddtIkiJx--N14UPjW_2J6wprslewXA\";}'
    '_csrf-backend' => 'b8a2ca99565504e7b7fca33bad55d514a4cf355a80c1e4aa6ca9c5e0d949e412a:2:{i:0;s:13:\"_csrf-backend\";i:1;s:32:\"nQprek-o31kfKBuUuVSJfwWi_VBz9QPC\";}'
    'advanced-frontend' => 'rn5qbkk21n5nh68t28iccvmvf1'
    'advanced-backend' => 'q053jbel5bf8qjkcbfp1ii0s70'
    '_csrf' => '8e85c55a7d69c4f4665e34ae7f69e506707fa952c8fb643024aafc4715ad324ba:2:{i:0;s:5:\"_csrf\";i:1;s:32:\"oV4Yb8O4q7ulWZklMaYb39Ja-9Wwb7Td\";}'
    'PHPSESSID' => 'knhavnbibcatioog4asiuo4nl5'
    '_identity' => 'd0334d6f7062773fb666b7552720d41309c1168e4dba71fb0c8f60337e5fe15fa:2:{i:0;s:9:\"_identity\";i:1;s:46:\"[1,\"0E2RNEHT0taodzvSi_3sp_PeOmScHj4j\",2592000]\";}'
]

$_SERVER = [
    'REDIRECT_MIBDIRS' => 'D:/xampp/php/extras/mibs'
    'REDIRECT_MYSQL_HOME' => '\\xampp\\mysql\\bin'
    'REDIRECT_OPENSSL_CONF' => 'D:/xampp/apache/bin/openssl.cnf'
    'REDIRECT_PHP_PEAR_SYSCONF_DIR' => '\\xampp\\php'
    'REDIRECT_PHPRC' => '\\xampp\\php'
    'REDIRECT_TMP' => '\\xampp\\tmp'
    'REDIRECT_STATUS' => '200'
    'MIBDIRS' => 'D:/xampp/php/extras/mibs'
    'MYSQL_HOME' => '\\xampp\\mysql\\bin'
    'OPENSSL_CONF' => 'D:/xampp/apache/bin/openssl.cnf'
    'PHP_PEAR_SYSCONF_DIR' => '\\xampp\\php'
    'PHPRC' => '\\xampp\\php'
    'TMP' => '\\xampp\\tmp'
    'HTTP_HOST' => 'localhost:3636'
    'HTTP_CONNECTION' => 'keep-alive'
    'HTTP_UPGRADE_INSECURE_REQUESTS' => '1'
    'HTTP_USER_AGENT' => 'Mozilla/5.0 (Windows NT 6.3; WOW64) AppleWebKit/537.36 (KHTML, like Gecko) Chrome/52.0.2743.116 Safari/537.36'
    'HTTP_ACCEPT' => 'text/html,application/xhtml+xml,application/xml;q=0.9,image/webp,*/*;q=0.8'
    'HTTP_ACCEPT_ENCODING' => 'gzip, deflate, sdch'
    'HTTP_ACCEPT_LANGUAGE' => 'th-TH,th;q=0.8,en;q=0.6'
    'HTTP_COOKIE' => 'ai_user=gke2r|2016-02-18T08:14:18.094Z; ASP.NET_SessionId=xgnvyfhz0suxhwiacvncrza2; __RequestVerificationToken=q9fhQonFwf8u27JaPaH7O13NzvWJe-ovbkjdrTKrLUHuDw4zuME_ZVQwUXxYIz9MXyRB9v-dxoPNTysNYhH2Lu86g25puCai8DnJ3qEj3tE1; .AspNet.ApplicationCookie=1uWAXolfCII-EjfX38ddi-dRROpOSTerbmJ6KbK-FBbWTDLIj0cFbSc4xrUfoqz-nfzAP8xt3W6tvMtJdAewtl4hlj516xZZWqaJs0USpBAZikDmXWG_nLPtSzj74W8xweg79kJGw7Is5ZVdCwPCbCkO_4KiLiuen7mPKW47rJ8MqSlyYrAPRAU-pbMwIQ60eVnxd6DeV5z5Zr043BnI3pqIe0zyIwjzx9FFUOjPJLrlAIphzDkwx14g8b97wnrEJqYrzZ219amTHg98aBqNhyIxv3ydlpckmhzKx1e0D5UlTzFcinutwRleRCH3L-04QybyJrTyhTHyOqfXFiBtc1pGx1OqxKcAn4H3QUrBR3PkBlPp7lyspeMQ07lgZ0LBhrUSbcuj7Z5w0ABG3l_yAa3qKVPo0Ay6tr17bs-qhDNxHOUQO2CxGgP1KrzpOGwTjbCHR2zjBMrk63ZqzJF_OEpMaIXmrhADEZyzii0tA3nvJexDSGmB8qgQHRLFmAUw; optimizelySegments=%7B%222332430320%22%3A%22false%22%2C%222360760115%22%3A%22direct%22%2C%222366190111%22%3A%22gc%22%7D; optimizelyEndUserId=oeu1471581584808r0.03560499770328707; optimizelyBuckets=%7B%7D; __utma=111872281.1995383452.1471581586.1471581586.1471581586.1; __utmc=111872281; __utmz=111872281.1471581586.1.1.utmcsr=(direct)|utmccn=(direct)|utmcmd=(none); _vwo_uuid_v2=36228F98D123246E023E706E6AF60F17|3a3024b93f27a1946d7098979a08055d; __atuvc=0%7C29%2C0%7C30%2C0%7C31%2C0%7C32%2C1%7C33; _csrf-frontend=b8ad0b2b942df79e752bdf93f5f9ce6fe1f85a3e6acb393fc044de61bd8517fba%3A2%3A%7Bi%3A0%3Bs%3A14%3A%22_csrf-frontend%22%3Bi%3A1%3Bs%3A32%3A%22KZddtIkiJx--N14UPjW_2J6wprslewXA%22%3B%7D; _csrf-backend=b8a2ca99565504e7b7fca33bad55d514a4cf355a80c1e4aa6ca9c5e0d949e412a%3A2%3A%7Bi%3A0%3Bs%3A13%3A%22_csrf-backend%22%3Bi%3A1%3Bs%3A32%3A%22nQprek-o31kfKBuUuVSJfwWi_VBz9QPC%22%3B%7D; advanced-frontend=rn5qbkk21n5nh68t28iccvmvf1; advanced-backend=q053jbel5bf8qjkcbfp1ii0s70; _csrf=8e85c55a7d69c4f4665e34ae7f69e506707fa952c8fb643024aafc4715ad324ba%3A2%3A%7Bi%3A0%3Bs%3A5%3A%22_csrf%22%3Bi%3A1%3Bs%3A32%3A%22oV4Yb8O4q7ulWZklMaYb39Ja-9Wwb7Td%22%3B%7D; PHPSESSID=knhavnbibcatioog4asiuo4nl5; _identity=d0334d6f7062773fb666b7552720d41309c1168e4dba71fb0c8f60337e5fe15fa%3A2%3A%7Bi%3A0%3Bs%3A9%3A%22_identity%22%3Bi%3A1%3Bs%3A46%3A%22%5B1%2C%220E2RNEHT0taodzvSi_3sp_PeOmScHj4j%22%2C2592000%5D%22%3B%7D'
    'PATH' => 'C:\\Program Files (x86)\\iis express\\PHP\\v5.5;C:\\WINDOWS\\system32\\inetsrv;C:\\php7;C:\\ProgramData\\Oracle\\Java\\javapath;C:\\Program Files (x86)\\Intel\\iCLS Client\\;C:\\Program Files\\Intel\\iCLS Client\\;C:\\WINDOWS\\system32;C:\\WINDOWS;C:\\WINDOWS\\System32\\Wbem;C:\\WINDOWS\\System32\\WindowsPowerShell\\v1.0\\;C:\\Program Files\\Intel\\Intel(R) Management Engine Components\\DAL;C:\\Program Files\\Intel\\Intel(R) Management Engine Components\\IPT;C:\\Program Files (x86)\\Intel\\Intel(R) Management Engine Components\\DAL;C:\\Program Files (x86)\\Intel\\Intel(R) Management Engine Components\\IPT;C:\\Program Files (x86)\\Microsoft SDKs\\TypeScript\\1.0\\;D:\\xampp\\php;C:\\ProgramData\\ComposerSetup\\bin; C:\\Windows\\SysWOW64; C:\\ProgramData\\ComposerSetup\\bin;C:\\Program Files (x86)\\Windows Kits\\10\\Windows Performance Toolkit\\;C:\\Program Files (x86)\\nodejs\\;C:\\Program Files\\Microsoft SQL Server\\120\\Tools\\Binn\\;C:\\Program Files\\Microsoft SQL Server\\Client SDK\\ODBC\\110\\Tools\\Binn\\;C:\\Program Files (x86)\\Microsoft SQL Server\\120\\Tools\\Binn\\;C:\\Program Files\\Mic;'
    'SystemRoot' => 'C:\\WINDOWS'
    'COMSPEC' => 'C:\\WINDOWS\\system32\\cmd.exe'
    'PATHEXT' => '.COM;.EXE;.BAT;.CMD;.VBS;.VBE;.JS;.JSE;.WSF;.WSH;.MSC'
    'WINDIR' => 'C:\\WINDOWS'
    'SERVER_SIGNATURE' => '<address>Apache/2.4.12 (Win32) OpenSSL/1.0.1l PHP/5.5.24 Server at localhost Port 3636</address>
'
    'SERVER_SOFTWARE' => 'Apache/2.4.12 (Win32) OpenSSL/1.0.1l PHP/5.5.24'
    'SERVER_NAME' => 'localhost'
    'SERVER_ADDR' => '::1'
    'SERVER_PORT' => '3636'
    'REMOTE_ADDR' => '::1'
    'DOCUMENT_ROOT' => 'D:/xampp/htdocs'
    'REQUEST_SCHEME' => 'http'
    'CONTEXT_PREFIX' => ''
    'CONTEXT_DOCUMENT_ROOT' => 'D:/xampp/htdocs'
    'SERVER_ADMIN' => 'postmaster@localhost'
    'SCRIPT_FILENAME' => 'D:/xampp/htdocs/OrderManager/index.php'
    'REMOTE_PORT' => '65474'
    'REDIRECT_URL' => '/Ordermanager/frontend'
    'GATEWAY_INTERFACE' => 'CGI/1.1'
    'SERVER_PROTOCOL' => 'HTTP/1.1'
    'REQUEST_METHOD' => 'GET'
    'QUERY_STRING' => ''
    'REQUEST_URI' => '/Ordermanager/frontend'
    'SCRIPT_NAME' => '/OrderManager/index.php'
    'PHP_SELF' => '/OrderManager/index.php'
    'REQUEST_TIME_FLOAT' => 1471601213.049
    'REQUEST_TIME' => 1471601213
]
2016-08-19 12:07:13 [::1][-][-][error][yii\base\ErrorException:8] exception 'yii\base\ErrorException' with message 'Undefined variable: time' in D:\xampp\htdocs\OrderManager\_protected\frontend\views\layouts\main.php:26
Stack trace:
#0 D:\xampp\htdocs\OrderManager\_protected\frontend\views\layouts\main.php(26): yii\base\ErrorHandler->handleError(8, 'Undefined varia...', 'D:\\xampp\\htdocs...', 26, Array)
#1 D:\xampp\htdocs\OrderManager\_protected\vendor\yiisoft\yii2\base\View.php(325): require('D:\\xampp\\htdocs...')
#2 D:\xampp\htdocs\OrderManager\_protected\vendor\yiisoft\yii2\base\View.php(247): yii\base\View->renderPhpFile('D:\\xampp\\htdocs...', Array)
#3 D:\xampp\htdocs\OrderManager\_protected\vendor\yiisoft\yii2\base\Controller.php(393): yii\base\View->renderFile('D:\\xampp\\htdocs...', Array, Object(frontend\controllers\SiteController))
#4 D:\xampp\htdocs\OrderManager\_protected\vendor\yiisoft\yii2\base\Controller.php(379): yii\base\Controller->renderContent('<div class="sit...')
#5 D:\xampp\htdocs\OrderManager\_protected\frontend\controllers\SiteController.php(89): yii\base\Controller->render('index')
#6 [internal function]: frontend\controllers\SiteController->actionIndex()
#7 D:\xampp\htdocs\OrderManager\_protected\vendor\yiisoft\yii2\base\InlineAction.php(55): call_user_func_array(Array, Array)
#8 D:\xampp\htdocs\OrderManager\_protected\vendor\yiisoft\yii2\base\Controller.php(154): yii\base\InlineAction->runWithParams(Array)
#9 D:\xampp\htdocs\OrderManager\_protected\vendor\yiisoft\yii2\base\Module.php(454): yii\base\Controller->runAction('', Array)
#10 D:\xampp\htdocs\OrderManager\_protected\vendor\yiisoft\yii2\web\Application.php(87): yii\base\Module->runAction('', Array)
#11 D:\xampp\htdocs\OrderManager\_protected\vendor\yiisoft\yii2\base\Application.php(375): yii\web\Application->handleRequest(Object(yii\web\Request))
#12 D:\xampp\htdocs\OrderManager\index.php(18): yii\base\Application->run()
#13 {main}
2016-08-19 12:07:13 [::1][-][-][info][application] $_COOKIE = [
    'ai_user' => 'gke2r|2016-02-18T08:14:18.094Z'
    'ASP_NET_SessionId' => 'xgnvyfhz0suxhwiacvncrza2'
    '__RequestVerificationToken' => 'q9fhQonFwf8u27JaPaH7O13NzvWJe-ovbkjdrTKrLUHuDw4zuME_ZVQwUXxYIz9MXyRB9v-dxoPNTysNYhH2Lu86g25puCai8DnJ3qEj3tE1'
    '_AspNet_ApplicationCookie' => '1uWAXolfCII-EjfX38ddi-dRROpOSTerbmJ6KbK-FBbWTDLIj0cFbSc4xrUfoqz-nfzAP8xt3W6tvMtJdAewtl4hlj516xZZWqaJs0USpBAZikDmXWG_nLPtSzj74W8xweg79kJGw7Is5ZVdCwPCbCkO_4KiLiuen7mPKW47rJ8MqSlyYrAPRAU-pbMwIQ60eVnxd6DeV5z5Zr043BnI3pqIe0zyIwjzx9FFUOjPJLrlAIphzDkwx14g8b97wnrEJqYrzZ219amTHg98aBqNhyIxv3ydlpckmhzKx1e0D5UlTzFcinutwRleRCH3L-04QybyJrTyhTHyOqfXFiBtc1pGx1OqxKcAn4H3QUrBR3PkBlPp7lyspeMQ07lgZ0LBhrUSbcuj7Z5w0ABG3l_yAa3qKVPo0Ay6tr17bs-qhDNxHOUQO2CxGgP1KrzpOGwTjbCHR2zjBMrk63ZqzJF_OEpMaIXmrhADEZyzii0tA3nvJexDSGmB8qgQHRLFmAUw'
    'optimizelySegments' => '{\"2332430320\":\"false\",\"2360760115\":\"direct\",\"2366190111\":\"gc\"}'
    'optimizelyEndUserId' => 'oeu1471581584808r0.03560499770328707'
    'optimizelyBuckets' => '{}'
    '__utma' => '111872281.1995383452.1471581586.1471581586.1471581586.1'
    '__utmc' => '111872281'
    '__utmz' => '111872281.1471581586.1.1.utmcsr=(direct)|utmccn=(direct)|utmcmd=(none)'
    '_vwo_uuid_v2' => '36228F98D123246E023E706E6AF60F17|3a3024b93f27a1946d7098979a08055d'
    '__atuvc' => '0|29,0|30,0|31,0|32,1|33'
    '_csrf-frontend' => 'b8ad0b2b942df79e752bdf93f5f9ce6fe1f85a3e6acb393fc044de61bd8517fba:2:{i:0;s:14:\"_csrf-frontend\";i:1;s:32:\"KZddtIkiJx--N14UPjW_2J6wprslewXA\";}'
    '_csrf-backend' => 'b8a2ca99565504e7b7fca33bad55d514a4cf355a80c1e4aa6ca9c5e0d949e412a:2:{i:0;s:13:\"_csrf-backend\";i:1;s:32:\"nQprek-o31kfKBuUuVSJfwWi_VBz9QPC\";}'
    'advanced-frontend' => 'rn5qbkk21n5nh68t28iccvmvf1'
    'advanced-backend' => 'q053jbel5bf8qjkcbfp1ii0s70'
    '_csrf' => '8e85c55a7d69c4f4665e34ae7f69e506707fa952c8fb643024aafc4715ad324ba:2:{i:0;s:5:\"_csrf\";i:1;s:32:\"oV4Yb8O4q7ulWZklMaYb39Ja-9Wwb7Td\";}'
    'PHPSESSID' => 'knhavnbibcatioog4asiuo4nl5'
    '_identity' => 'd0334d6f7062773fb666b7552720d41309c1168e4dba71fb0c8f60337e5fe15fa:2:{i:0;s:9:\"_identity\";i:1;s:46:\"[1,\"0E2RNEHT0taodzvSi_3sp_PeOmScHj4j\",2592000]\";}'
]

$_SERVER = [
    'MIBDIRS' => 'D:/xampp/php/extras/mibs'
    'MYSQL_HOME' => '\\xampp\\mysql\\bin'
    'OPENSSL_CONF' => 'D:/xampp/apache/bin/openssl.cnf'
    'PHP_PEAR_SYSCONF_DIR' => '\\xampp\\php'
    'PHPRC' => '\\xampp\\php'
    'TMP' => '\\xampp\\tmp'
    'HTTP_HOST' => 'localhost:3636'
    'HTTP_CONNECTION' => 'keep-alive'
    'HTTP_UPGRADE_INSECURE_REQUESTS' => '1'
    'HTTP_USER_AGENT' => 'Mozilla/5.0 (Windows NT 6.3; WOW64) AppleWebKit/537.36 (KHTML, like Gecko) Chrome/52.0.2743.116 Safari/537.36'
    'HTTP_ACCEPT' => 'text/html,application/xhtml+xml,application/xml;q=0.9,image/webp,*/*;q=0.8'
    'HTTP_ACCEPT_ENCODING' => 'gzip, deflate, sdch'
    'HTTP_ACCEPT_LANGUAGE' => 'th-TH,th;q=0.8,en;q=0.6'
    'HTTP_COOKIE' => 'ai_user=gke2r|2016-02-18T08:14:18.094Z; ASP.NET_SessionId=xgnvyfhz0suxhwiacvncrza2; __RequestVerificationToken=q9fhQonFwf8u27JaPaH7O13NzvWJe-ovbkjdrTKrLUHuDw4zuME_ZVQwUXxYIz9MXyRB9v-dxoPNTysNYhH2Lu86g25puCai8DnJ3qEj3tE1; .AspNet.ApplicationCookie=1uWAXolfCII-EjfX38ddi-dRROpOSTerbmJ6KbK-FBbWTDLIj0cFbSc4xrUfoqz-nfzAP8xt3W6tvMtJdAewtl4hlj516xZZWqaJs0USpBAZikDmXWG_nLPtSzj74W8xweg79kJGw7Is5ZVdCwPCbCkO_4KiLiuen7mPKW47rJ8MqSlyYrAPRAU-pbMwIQ60eVnxd6DeV5z5Zr043BnI3pqIe0zyIwjzx9FFUOjPJLrlAIphzDkwx14g8b97wnrEJqYrzZ219amTHg98aBqNhyIxv3ydlpckmhzKx1e0D5UlTzFcinutwRleRCH3L-04QybyJrTyhTHyOqfXFiBtc1pGx1OqxKcAn4H3QUrBR3PkBlPp7lyspeMQ07lgZ0LBhrUSbcuj7Z5w0ABG3l_yAa3qKVPo0Ay6tr17bs-qhDNxHOUQO2CxGgP1KrzpOGwTjbCHR2zjBMrk63ZqzJF_OEpMaIXmrhADEZyzii0tA3nvJexDSGmB8qgQHRLFmAUw; optimizelySegments=%7B%222332430320%22%3A%22false%22%2C%222360760115%22%3A%22direct%22%2C%222366190111%22%3A%22gc%22%7D; optimizelyEndUserId=oeu1471581584808r0.03560499770328707; optimizelyBuckets=%7B%7D; __utma=111872281.1995383452.1471581586.1471581586.1471581586.1; __utmc=111872281; __utmz=111872281.1471581586.1.1.utmcsr=(direct)|utmccn=(direct)|utmcmd=(none); _vwo_uuid_v2=36228F98D123246E023E706E6AF60F17|3a3024b93f27a1946d7098979a08055d; __atuvc=0%7C29%2C0%7C30%2C0%7C31%2C0%7C32%2C1%7C33; _csrf-frontend=b8ad0b2b942df79e752bdf93f5f9ce6fe1f85a3e6acb393fc044de61bd8517fba%3A2%3A%7Bi%3A0%3Bs%3A14%3A%22_csrf-frontend%22%3Bi%3A1%3Bs%3A32%3A%22KZddtIkiJx--N14UPjW_2J6wprslewXA%22%3B%7D; _csrf-backend=b8a2ca99565504e7b7fca33bad55d514a4cf355a80c1e4aa6ca9c5e0d949e412a%3A2%3A%7Bi%3A0%3Bs%3A13%3A%22_csrf-backend%22%3Bi%3A1%3Bs%3A32%3A%22nQprek-o31kfKBuUuVSJfwWi_VBz9QPC%22%3B%7D; advanced-frontend=rn5qbkk21n5nh68t28iccvmvf1; advanced-backend=q053jbel5bf8qjkcbfp1ii0s70; _csrf=8e85c55a7d69c4f4665e34ae7f69e506707fa952c8fb643024aafc4715ad324ba%3A2%3A%7Bi%3A0%3Bs%3A5%3A%22_csrf%22%3Bi%3A1%3Bs%3A32%3A%22oV4Yb8O4q7ulWZklMaYb39Ja-9Wwb7Td%22%3B%7D; PHPSESSID=knhavnbibcatioog4asiuo4nl5; _identity=d0334d6f7062773fb666b7552720d41309c1168e4dba71fb0c8f60337e5fe15fa%3A2%3A%7Bi%3A0%3Bs%3A9%3A%22_identity%22%3Bi%3A1%3Bs%3A46%3A%22%5B1%2C%220E2RNEHT0taodzvSi_3sp_PeOmScHj4j%22%2C2592000%5D%22%3B%7D'
    'PATH' => 'C:\\Program Files (x86)\\iis express\\PHP\\v5.5;C:\\WINDOWS\\system32\\inetsrv;C:\\php7;C:\\ProgramData\\Oracle\\Java\\javapath;C:\\Program Files (x86)\\Intel\\iCLS Client\\;C:\\Program Files\\Intel\\iCLS Client\\;C:\\WINDOWS\\system32;C:\\WINDOWS;C:\\WINDOWS\\System32\\Wbem;C:\\WINDOWS\\System32\\WindowsPowerShell\\v1.0\\;C:\\Program Files\\Intel\\Intel(R) Management Engine Components\\DAL;C:\\Program Files\\Intel\\Intel(R) Management Engine Components\\IPT;C:\\Program Files (x86)\\Intel\\Intel(R) Management Engine Components\\DAL;C:\\Program Files (x86)\\Intel\\Intel(R) Management Engine Components\\IPT;C:\\Program Files (x86)\\Microsoft SDKs\\TypeScript\\1.0\\;D:\\xampp\\php;C:\\ProgramData\\ComposerSetup\\bin; C:\\Windows\\SysWOW64; C:\\ProgramData\\ComposerSetup\\bin;C:\\Program Files (x86)\\Windows Kits\\10\\Windows Performance Toolkit\\;C:\\Program Files (x86)\\nodejs\\;C:\\Program Files\\Microsoft SQL Server\\120\\Tools\\Binn\\;C:\\Program Files\\Microsoft SQL Server\\Client SDK\\ODBC\\110\\Tools\\Binn\\;C:\\Program Files (x86)\\Microsoft SQL Server\\120\\Tools\\Binn\\;C:\\Program Files\\Mic;'
    'SystemRoot' => 'C:\\WINDOWS'
    'COMSPEC' => 'C:\\WINDOWS\\system32\\cmd.exe'
    'PATHEXT' => '.COM;.EXE;.BAT;.CMD;.VBS;.VBE;.JS;.JSE;.WSF;.WSH;.MSC'
    'WINDIR' => 'C:\\WINDOWS'
    'SERVER_SIGNATURE' => '<address>Apache/2.4.12 (Win32) OpenSSL/1.0.1l PHP/5.5.24 Server at localhost Port 3636</address>
'
    'SERVER_SOFTWARE' => 'Apache/2.4.12 (Win32) OpenSSL/1.0.1l PHP/5.5.24'
    'SERVER_NAME' => 'localhost'
    'SERVER_ADDR' => '::1'
    'SERVER_PORT' => '3636'
    'REMOTE_ADDR' => '::1'
    'DOCUMENT_ROOT' => 'D:/xampp/htdocs'
    'REQUEST_SCHEME' => 'http'
    'CONTEXT_PREFIX' => ''
    'CONTEXT_DOCUMENT_ROOT' => 'D:/xampp/htdocs'
    'SERVER_ADMIN' => 'postmaster@localhost'
    'SCRIPT_FILENAME' => 'D:/xampp/htdocs/OrderManager/index.php'
    'REMOTE_PORT' => '65486'
    'GATEWAY_INTERFACE' => 'CGI/1.1'
    'SERVER_PROTOCOL' => 'HTTP/1.1'
    'REQUEST_METHOD' => 'GET'
    'QUERY_STRING' => ''
    'REQUEST_URI' => '/OrderManager/'
    'SCRIPT_NAME' => '/OrderManager/index.php'
    'PHP_SELF' => '/OrderManager/index.php'
    'REQUEST_TIME_FLOAT' => 1471601233.68
    'REQUEST_TIME' => 1471601233
]
2016-08-19 12:10:08 [::1][-][knhavnbibcatioog4asiuo4nl5][error][yii\base\ErrorException:8] exception 'yii\base\ErrorException' with message 'Undefined variable: time' in D:\xampp\htdocs\OrderManager\_protected\frontend\views\layouts\main.php:86
Stack trace:
#0 D:\xampp\htdocs\OrderManager\_protected\frontend\views\layouts\main.php(86): yii\base\ErrorHandler->handleError(8, 'Undefined varia...', 'D:\\xampp\\htdocs...', 86, Array)
#1 D:\xampp\htdocs\OrderManager\_protected\vendor\yiisoft\yii2\base\View.php(325): require('D:\\xampp\\htdocs...')
#2 D:\xampp\htdocs\OrderManager\_protected\vendor\yiisoft\yii2\base\View.php(247): yii\base\View->renderPhpFile('D:\\xampp\\htdocs...', Array)
#3 D:\xampp\htdocs\OrderManager\_protected\vendor\yiisoft\yii2\base\Controller.php(393): yii\base\View->renderFile('D:\\xampp\\htdocs...', Array, Object(frontend\controllers\SiteController))
#4 D:\xampp\htdocs\OrderManager\_protected\vendor\yiisoft\yii2\base\Controller.php(379): yii\base\Controller->renderContent('<div class="sit...')
#5 D:\xampp\htdocs\OrderManager\_protected\frontend\controllers\SiteController.php(89): yii\base\Controller->render('index')
#6 [internal function]: frontend\controllers\SiteController->actionIndex()
#7 D:\xampp\htdocs\OrderManager\_protected\vendor\yiisoft\yii2\base\InlineAction.php(55): call_user_func_array(Array, Array)
#8 D:\xampp\htdocs\OrderManager\_protected\vendor\yiisoft\yii2\base\Controller.php(154): yii\base\InlineAction->runWithParams(Array)
#9 D:\xampp\htdocs\OrderManager\_protected\vendor\yiisoft\yii2\base\Module.php(454): yii\base\Controller->runAction('', Array)
#10 D:\xampp\htdocs\OrderManager\_protected\vendor\yiisoft\yii2\web\Application.php(87): yii\base\Module->runAction('', Array)
#11 D:\xampp\htdocs\OrderManager\_protected\vendor\yiisoft\yii2\base\Application.php(375): yii\web\Application->handleRequest(Object(yii\web\Request))
#12 D:\xampp\htdocs\OrderManager\index.php(18): yii\base\Application->run()
#13 {main}
2016-08-19 12:10:08 [::1][-][knhavnbibcatioog4asiuo4nl5][info][application] $_COOKIE = [
    'ai_user' => 'gke2r|2016-02-18T08:14:18.094Z'
    'ASP_NET_SessionId' => 'xgnvyfhz0suxhwiacvncrza2'
    '__RequestVerificationToken' => 'q9fhQonFwf8u27JaPaH7O13NzvWJe-ovbkjdrTKrLUHuDw4zuME_ZVQwUXxYIz9MXyRB9v-dxoPNTysNYhH2Lu86g25puCai8DnJ3qEj3tE1'
    '_AspNet_ApplicationCookie' => '1uWAXolfCII-EjfX38ddi-dRROpOSTerbmJ6KbK-FBbWTDLIj0cFbSc4xrUfoqz-nfzAP8xt3W6tvMtJdAewtl4hlj516xZZWqaJs0USpBAZikDmXWG_nLPtSzj74W8xweg79kJGw7Is5ZVdCwPCbCkO_4KiLiuen7mPKW47rJ8MqSlyYrAPRAU-pbMwIQ60eVnxd6DeV5z5Zr043BnI3pqIe0zyIwjzx9FFUOjPJLrlAIphzDkwx14g8b97wnrEJqYrzZ219amTHg98aBqNhyIxv3ydlpckmhzKx1e0D5UlTzFcinutwRleRCH3L-04QybyJrTyhTHyOqfXFiBtc1pGx1OqxKcAn4H3QUrBR3PkBlPp7lyspeMQ07lgZ0LBhrUSbcuj7Z5w0ABG3l_yAa3qKVPo0Ay6tr17bs-qhDNxHOUQO2CxGgP1KrzpOGwTjbCHR2zjBMrk63ZqzJF_OEpMaIXmrhADEZyzii0tA3nvJexDSGmB8qgQHRLFmAUw'
    'optimizelySegments' => '{\"2332430320\":\"false\",\"2360760115\":\"direct\",\"2366190111\":\"gc\"}'
    'optimizelyEndUserId' => 'oeu1471581584808r0.03560499770328707'
    'optimizelyBuckets' => '{}'
    '__utma' => '111872281.1995383452.1471581586.1471581586.1471581586.1'
    '__utmc' => '111872281'
    '__utmz' => '111872281.1471581586.1.1.utmcsr=(direct)|utmccn=(direct)|utmcmd=(none)'
    '_vwo_uuid_v2' => '36228F98D123246E023E706E6AF60F17|3a3024b93f27a1946d7098979a08055d'
    '__atuvc' => '0|29,0|30,0|31,0|32,1|33'
    '_csrf-frontend' => 'b8ad0b2b942df79e752bdf93f5f9ce6fe1f85a3e6acb393fc044de61bd8517fba:2:{i:0;s:14:\"_csrf-frontend\";i:1;s:32:\"KZddtIkiJx--N14UPjW_2J6wprslewXA\";}'
    '_csrf-backend' => 'b8a2ca99565504e7b7fca33bad55d514a4cf355a80c1e4aa6ca9c5e0d949e412a:2:{i:0;s:13:\"_csrf-backend\";i:1;s:32:\"nQprek-o31kfKBuUuVSJfwWi_VBz9QPC\";}'
    'advanced-frontend' => 'rn5qbkk21n5nh68t28iccvmvf1'
    'advanced-backend' => 'q053jbel5bf8qjkcbfp1ii0s70'
    'PHPSESSID' => 'knhavnbibcatioog4asiuo4nl5'
    '_identity' => 'd0334d6f7062773fb666b7552720d41309c1168e4dba71fb0c8f60337e5fe15fa:2:{i:0;s:9:\"_identity\";i:1;s:46:\"[1,\"0E2RNEHT0taodzvSi_3sp_PeOmScHj4j\",2592000]\";}'
    '_csrf' => '6a47e5044f2cec0f3979a25ca10b1e5d1df6674e78cb38300489aff0ead20cd8a:2:{i:0;s:5:\"_csrf\";i:1;s:32:\"IvJFKdmIkxZEg6TxH5mfzhTiYJlb4xxs\";}'
]

$_SESSION = [
    '__flash' => []
]

$_SERVER = [
    'MIBDIRS' => 'D:/xampp/php/extras/mibs'
    'MYSQL_HOME' => '\\xampp\\mysql\\bin'
    'OPENSSL_CONF' => 'D:/xampp/apache/bin/openssl.cnf'
    'PHP_PEAR_SYSCONF_DIR' => '\\xampp\\php'
    'PHPRC' => '\\xampp\\php'
    'TMP' => '\\xampp\\tmp'
    'HTTP_HOST' => 'localhost:3636'
    'HTTP_CONNECTION' => 'keep-alive'
    'HTTP_CACHE_CONTROL' => 'max-age=0'
    'HTTP_UPGRADE_INSECURE_REQUESTS' => '1'
    'HTTP_USER_AGENT' => 'Mozilla/5.0 (Windows NT 6.3; WOW64) AppleWebKit/537.36 (KHTML, like Gecko) Chrome/52.0.2743.116 Safari/537.36'
    'HTTP_ACCEPT' => 'text/html,application/xhtml+xml,application/xml;q=0.9,image/webp,*/*;q=0.8'
    'HTTP_ACCEPT_ENCODING' => 'gzip, deflate, sdch'
    'HTTP_ACCEPT_LANGUAGE' => 'th-TH,th;q=0.8,en;q=0.6'
    'HTTP_COOKIE' => 'ai_user=gke2r|2016-02-18T08:14:18.094Z; ASP.NET_SessionId=xgnvyfhz0suxhwiacvncrza2; __RequestVerificationToken=q9fhQonFwf8u27JaPaH7O13NzvWJe-ovbkjdrTKrLUHuDw4zuME_ZVQwUXxYIz9MXyRB9v-dxoPNTysNYhH2Lu86g25puCai8DnJ3qEj3tE1; .AspNet.ApplicationCookie=1uWAXolfCII-EjfX38ddi-dRROpOSTerbmJ6KbK-FBbWTDLIj0cFbSc4xrUfoqz-nfzAP8xt3W6tvMtJdAewtl4hlj516xZZWqaJs0USpBAZikDmXWG_nLPtSzj74W8xweg79kJGw7Is5ZVdCwPCbCkO_4KiLiuen7mPKW47rJ8MqSlyYrAPRAU-pbMwIQ60eVnxd6DeV5z5Zr043BnI3pqIe0zyIwjzx9FFUOjPJLrlAIphzDkwx14g8b97wnrEJqYrzZ219amTHg98aBqNhyIxv3ydlpckmhzKx1e0D5UlTzFcinutwRleRCH3L-04QybyJrTyhTHyOqfXFiBtc1pGx1OqxKcAn4H3QUrBR3PkBlPp7lyspeMQ07lgZ0LBhrUSbcuj7Z5w0ABG3l_yAa3qKVPo0Ay6tr17bs-qhDNxHOUQO2CxGgP1KrzpOGwTjbCHR2zjBMrk63ZqzJF_OEpMaIXmrhADEZyzii0tA3nvJexDSGmB8qgQHRLFmAUw; optimizelySegments=%7B%222332430320%22%3A%22false%22%2C%222360760115%22%3A%22direct%22%2C%222366190111%22%3A%22gc%22%7D; optimizelyEndUserId=oeu1471581584808r0.03560499770328707; optimizelyBuckets=%7B%7D; __utma=111872281.1995383452.1471581586.1471581586.1471581586.1; __utmc=111872281; __utmz=111872281.1471581586.1.1.utmcsr=(direct)|utmccn=(direct)|utmcmd=(none); _vwo_uuid_v2=36228F98D123246E023E706E6AF60F17|3a3024b93f27a1946d7098979a08055d; __atuvc=0%7C29%2C0%7C30%2C0%7C31%2C0%7C32%2C1%7C33; _csrf-frontend=b8ad0b2b942df79e752bdf93f5f9ce6fe1f85a3e6acb393fc044de61bd8517fba%3A2%3A%7Bi%3A0%3Bs%3A14%3A%22_csrf-frontend%22%3Bi%3A1%3Bs%3A32%3A%22KZddtIkiJx--N14UPjW_2J6wprslewXA%22%3B%7D; _csrf-backend=b8a2ca99565504e7b7fca33bad55d514a4cf355a80c1e4aa6ca9c5e0d949e412a%3A2%3A%7Bi%3A0%3Bs%3A13%3A%22_csrf-backend%22%3Bi%3A1%3Bs%3A32%3A%22nQprek-o31kfKBuUuVSJfwWi_VBz9QPC%22%3B%7D; advanced-frontend=rn5qbkk21n5nh68t28iccvmvf1; advanced-backend=q053jbel5bf8qjkcbfp1ii0s70; PHPSESSID=knhavnbibcatioog4asiuo4nl5; _identity=d0334d6f7062773fb666b7552720d41309c1168e4dba71fb0c8f60337e5fe15fa%3A2%3A%7Bi%3A0%3Bs%3A9%3A%22_identity%22%3Bi%3A1%3Bs%3A46%3A%22%5B1%2C%220E2RNEHT0taodzvSi_3sp_PeOmScHj4j%22%2C2592000%5D%22%3B%7D; _csrf=6a47e5044f2cec0f3979a25ca10b1e5d1df6674e78cb38300489aff0ead20cd8a%3A2%3A%7Bi%3A0%3Bs%3A5%3A%22_csrf%22%3Bi%3A1%3Bs%3A32%3A%22IvJFKdmIkxZEg6TxH5mfzhTiYJlb4xxs%22%3B%7D'
    'PATH' => 'C:\\Program Files (x86)\\iis express\\PHP\\v5.5;C:\\WINDOWS\\system32\\inetsrv;C:\\php7;C:\\ProgramData\\Oracle\\Java\\javapath;C:\\Program Files (x86)\\Intel\\iCLS Client\\;C:\\Program Files\\Intel\\iCLS Client\\;C:\\WINDOWS\\system32;C:\\WINDOWS;C:\\WINDOWS\\System32\\Wbem;C:\\WINDOWS\\System32\\WindowsPowerShell\\v1.0\\;C:\\Program Files\\Intel\\Intel(R) Management Engine Components\\DAL;C:\\Program Files\\Intel\\Intel(R) Management Engine Components\\IPT;C:\\Program Files (x86)\\Intel\\Intel(R) Management Engine Components\\DAL;C:\\Program Files (x86)\\Intel\\Intel(R) Management Engine Components\\IPT;C:\\Program Files (x86)\\Microsoft SDKs\\TypeScript\\1.0\\;D:\\xampp\\php;C:\\ProgramData\\ComposerSetup\\bin; C:\\Windows\\SysWOW64; C:\\ProgramData\\ComposerSetup\\bin;C:\\Program Files (x86)\\Windows Kits\\10\\Windows Performance Toolkit\\;C:\\Program Files (x86)\\nodejs\\;C:\\Program Files\\Microsoft SQL Server\\120\\Tools\\Binn\\;C:\\Program Files\\Microsoft SQL Server\\Client SDK\\ODBC\\110\\Tools\\Binn\\;C:\\Program Files (x86)\\Microsoft SQL Server\\120\\Tools\\Binn\\;C:\\Program Files\\Mic;'
    'SystemRoot' => 'C:\\WINDOWS'
    'COMSPEC' => 'C:\\WINDOWS\\system32\\cmd.exe'
    'PATHEXT' => '.COM;.EXE;.BAT;.CMD;.VBS;.VBE;.JS;.JSE;.WSF;.WSH;.MSC'
    'WINDIR' => 'C:\\WINDOWS'
    'SERVER_SIGNATURE' => '<address>Apache/2.4.12 (Win32) OpenSSL/1.0.1l PHP/5.5.24 Server at localhost Port 3636</address>
'
    'SERVER_SOFTWARE' => 'Apache/2.4.12 (Win32) OpenSSL/1.0.1l PHP/5.5.24'
    'SERVER_NAME' => 'localhost'
    'SERVER_ADDR' => '::1'
    'SERVER_PORT' => '3636'
    'REMOTE_ADDR' => '::1'
    'DOCUMENT_ROOT' => 'D:/xampp/htdocs'
    'REQUEST_SCHEME' => 'http'
    'CONTEXT_PREFIX' => ''
    'CONTEXT_DOCUMENT_ROOT' => 'D:/xampp/htdocs'
    'SERVER_ADMIN' => 'postmaster@localhost'
    'SCRIPT_FILENAME' => 'D:/xampp/htdocs/OrderManager/index.php'
    'REMOTE_PORT' => '65516'
    'GATEWAY_INTERFACE' => 'CGI/1.1'
    'SERVER_PROTOCOL' => 'HTTP/1.1'
    'REQUEST_METHOD' => 'GET'
    'QUERY_STRING' => ''
    'REQUEST_URI' => '/OrderManager/'
    'SCRIPT_NAME' => '/OrderManager/index.php'
    'PHP_SELF' => '/OrderManager/index.php'
    'REQUEST_TIME_FLOAT' => 1471601408.224
    'REQUEST_TIME' => 1471601408
]
2016-08-19 12:10:25 [::1][-][knhavnbibcatioog4asiuo4nl5][error][yii\base\ErrorException:8] exception 'yii\base\ErrorException' with message 'Undefined variable: time' in D:\xampp\htdocs\OrderManager\_protected\frontend\views\layouts\main.php:86
Stack trace:
#0 D:\xampp\htdocs\OrderManager\_protected\frontend\views\layouts\main.php(86): yii\base\ErrorHandler->handleError(8, 'Undefined varia...', 'D:\\xampp\\htdocs...', 86, Array)
#1 D:\xampp\htdocs\OrderManager\_protected\vendor\yiisoft\yii2\base\View.php(325): require('D:\\xampp\\htdocs...')
#2 D:\xampp\htdocs\OrderManager\_protected\vendor\yiisoft\yii2\base\View.php(247): yii\base\View->renderPhpFile('D:\\xampp\\htdocs...', Array)
#3 D:\xampp\htdocs\OrderManager\_protected\vendor\yiisoft\yii2\base\Controller.php(393): yii\base\View->renderFile('D:\\xampp\\htdocs...', Array, Object(frontend\controllers\SiteController))
#4 D:\xampp\htdocs\OrderManager\_protected\vendor\yiisoft\yii2\base\Controller.php(379): yii\base\Controller->renderContent('<div class="sit...')
#5 D:\xampp\htdocs\OrderManager\_protected\frontend\controllers\SiteController.php(89): yii\base\Controller->render('index')
#6 [internal function]: frontend\controllers\SiteController->actionIndex()
#7 D:\xampp\htdocs\OrderManager\_protected\vendor\yiisoft\yii2\base\InlineAction.php(55): call_user_func_array(Array, Array)
#8 D:\xampp\htdocs\OrderManager\_protected\vendor\yiisoft\yii2\base\Controller.php(154): yii\base\InlineAction->runWithParams(Array)
#9 D:\xampp\htdocs\OrderManager\_protected\vendor\yiisoft\yii2\base\Module.php(454): yii\base\Controller->runAction('', Array)
#10 D:\xampp\htdocs\OrderManager\_protected\vendor\yiisoft\yii2\web\Application.php(87): yii\base\Module->runAction('', Array)
#11 D:\xampp\htdocs\OrderManager\_protected\vendor\yiisoft\yii2\base\Application.php(375): yii\web\Application->handleRequest(Object(yii\web\Request))
#12 D:\xampp\htdocs\OrderManager\index.php(18): yii\base\Application->run()
#13 {main}
2016-08-19 12:10:25 [::1][-][knhavnbibcatioog4asiuo4nl5][info][application] $_COOKIE = [
    'ai_user' => 'gke2r|2016-02-18T08:14:18.094Z'
    'ASP_NET_SessionId' => 'xgnvyfhz0suxhwiacvncrza2'
    '__RequestVerificationToken' => 'q9fhQonFwf8u27JaPaH7O13NzvWJe-ovbkjdrTKrLUHuDw4zuME_ZVQwUXxYIz9MXyRB9v-dxoPNTysNYhH2Lu86g25puCai8DnJ3qEj3tE1'
    '_AspNet_ApplicationCookie' => '1uWAXolfCII-EjfX38ddi-dRROpOSTerbmJ6KbK-FBbWTDLIj0cFbSc4xrUfoqz-nfzAP8xt3W6tvMtJdAewtl4hlj516xZZWqaJs0USpBAZikDmXWG_nLPtSzj74W8xweg79kJGw7Is5ZVdCwPCbCkO_4KiLiuen7mPKW47rJ8MqSlyYrAPRAU-pbMwIQ60eVnxd6DeV5z5Zr043BnI3pqIe0zyIwjzx9FFUOjPJLrlAIphzDkwx14g8b97wnrEJqYrzZ219amTHg98aBqNhyIxv3ydlpckmhzKx1e0D5UlTzFcinutwRleRCH3L-04QybyJrTyhTHyOqfXFiBtc1pGx1OqxKcAn4H3QUrBR3PkBlPp7lyspeMQ07lgZ0LBhrUSbcuj7Z5w0ABG3l_yAa3qKVPo0Ay6tr17bs-qhDNxHOUQO2CxGgP1KrzpOGwTjbCHR2zjBMrk63ZqzJF_OEpMaIXmrhADEZyzii0tA3nvJexDSGmB8qgQHRLFmAUw'
    'optimizelySegments' => '{\"2332430320\":\"false\",\"2360760115\":\"direct\",\"2366190111\":\"gc\"}'
    'optimizelyEndUserId' => 'oeu1471581584808r0.03560499770328707'
    'optimizelyBuckets' => '{}'
    '__utma' => '111872281.1995383452.1471581586.1471581586.1471581586.1'
    '__utmc' => '111872281'
    '__utmz' => '111872281.1471581586.1.1.utmcsr=(direct)|utmccn=(direct)|utmcmd=(none)'
    '_vwo_uuid_v2' => '36228F98D123246E023E706E6AF60F17|3a3024b93f27a1946d7098979a08055d'
    '__atuvc' => '0|29,0|30,0|31,0|32,1|33'
    '_csrf-frontend' => 'b8ad0b2b942df79e752bdf93f5f9ce6fe1f85a3e6acb393fc044de61bd8517fba:2:{i:0;s:14:\"_csrf-frontend\";i:1;s:32:\"KZddtIkiJx--N14UPjW_2J6wprslewXA\";}'
    '_csrf-backend' => 'b8a2ca99565504e7b7fca33bad55d514a4cf355a80c1e4aa6ca9c5e0d949e412a:2:{i:0;s:13:\"_csrf-backend\";i:1;s:32:\"nQprek-o31kfKBuUuVSJfwWi_VBz9QPC\";}'
    'advanced-frontend' => 'rn5qbkk21n5nh68t28iccvmvf1'
    'advanced-backend' => 'q053jbel5bf8qjkcbfp1ii0s70'
    'PHPSESSID' => 'knhavnbibcatioog4asiuo4nl5'
    '_identity' => 'd0334d6f7062773fb666b7552720d41309c1168e4dba71fb0c8f60337e5fe15fa:2:{i:0;s:9:\"_identity\";i:1;s:46:\"[1,\"0E2RNEHT0taodzvSi_3sp_PeOmScHj4j\",2592000]\";}'
    '_csrf' => '6a47e5044f2cec0f3979a25ca10b1e5d1df6674e78cb38300489aff0ead20cd8a:2:{i:0;s:5:\"_csrf\";i:1;s:32:\"IvJFKdmIkxZEg6TxH5mfzhTiYJlb4xxs\";}'
]

$_SESSION = [
    '__flash' => []
]

$_SERVER = [
    'MIBDIRS' => 'D:/xampp/php/extras/mibs'
    'MYSQL_HOME' => '\\xampp\\mysql\\bin'
    'OPENSSL_CONF' => 'D:/xampp/apache/bin/openssl.cnf'
    'PHP_PEAR_SYSCONF_DIR' => '\\xampp\\php'
    'PHPRC' => '\\xampp\\php'
    'TMP' => '\\xampp\\tmp'
    'HTTP_HOST' => 'localhost:3636'
    'HTTP_CONNECTION' => 'keep-alive'
    'HTTP_PRAGMA' => 'no-cache'
    'HTTP_CACHE_CONTROL' => 'no-cache'
    'HTTP_UPGRADE_INSECURE_REQUESTS' => '1'
    'HTTP_USER_AGENT' => 'Mozilla/5.0 (Windows NT 6.3; WOW64) AppleWebKit/537.36 (KHTML, like Gecko) Chrome/52.0.2743.116 Safari/537.36'
    'HTTP_ACCEPT' => 'text/html,application/xhtml+xml,application/xml;q=0.9,image/webp,*/*;q=0.8'
    'HTTP_ACCEPT_ENCODING' => 'gzip, deflate, sdch'
    'HTTP_ACCEPT_LANGUAGE' => 'th-TH,th;q=0.8,en;q=0.6'
    'HTTP_COOKIE' => 'ai_user=gke2r|2016-02-18T08:14:18.094Z; ASP.NET_SessionId=xgnvyfhz0suxhwiacvncrza2; __RequestVerificationToken=q9fhQonFwf8u27JaPaH7O13NzvWJe-ovbkjdrTKrLUHuDw4zuME_ZVQwUXxYIz9MXyRB9v-dxoPNTysNYhH2Lu86g25puCai8DnJ3qEj3tE1; .AspNet.ApplicationCookie=1uWAXolfCII-EjfX38ddi-dRROpOSTerbmJ6KbK-FBbWTDLIj0cFbSc4xrUfoqz-nfzAP8xt3W6tvMtJdAewtl4hlj516xZZWqaJs0USpBAZikDmXWG_nLPtSzj74W8xweg79kJGw7Is5ZVdCwPCbCkO_4KiLiuen7mPKW47rJ8MqSlyYrAPRAU-pbMwIQ60eVnxd6DeV5z5Zr043BnI3pqIe0zyIwjzx9FFUOjPJLrlAIphzDkwx14g8b97wnrEJqYrzZ219amTHg98aBqNhyIxv3ydlpckmhzKx1e0D5UlTzFcinutwRleRCH3L-04QybyJrTyhTHyOqfXFiBtc1pGx1OqxKcAn4H3QUrBR3PkBlPp7lyspeMQ07lgZ0LBhrUSbcuj7Z5w0ABG3l_yAa3qKVPo0Ay6tr17bs-qhDNxHOUQO2CxGgP1KrzpOGwTjbCHR2zjBMrk63ZqzJF_OEpMaIXmrhADEZyzii0tA3nvJexDSGmB8qgQHRLFmAUw; optimizelySegments=%7B%222332430320%22%3A%22false%22%2C%222360760115%22%3A%22direct%22%2C%222366190111%22%3A%22gc%22%7D; optimizelyEndUserId=oeu1471581584808r0.03560499770328707; optimizelyBuckets=%7B%7D; __utma=111872281.1995383452.1471581586.1471581586.1471581586.1; __utmc=111872281; __utmz=111872281.1471581586.1.1.utmcsr=(direct)|utmccn=(direct)|utmcmd=(none); _vwo_uuid_v2=36228F98D123246E023E706E6AF60F17|3a3024b93f27a1946d7098979a08055d; __atuvc=0%7C29%2C0%7C30%2C0%7C31%2C0%7C32%2C1%7C33; _csrf-frontend=b8ad0b2b942df79e752bdf93f5f9ce6fe1f85a3e6acb393fc044de61bd8517fba%3A2%3A%7Bi%3A0%3Bs%3A14%3A%22_csrf-frontend%22%3Bi%3A1%3Bs%3A32%3A%22KZddtIkiJx--N14UPjW_2J6wprslewXA%22%3B%7D; _csrf-backend=b8a2ca99565504e7b7fca33bad55d514a4cf355a80c1e4aa6ca9c5e0d949e412a%3A2%3A%7Bi%3A0%3Bs%3A13%3A%22_csrf-backend%22%3Bi%3A1%3Bs%3A32%3A%22nQprek-o31kfKBuUuVSJfwWi_VBz9QPC%22%3B%7D; advanced-frontend=rn5qbkk21n5nh68t28iccvmvf1; advanced-backend=q053jbel5bf8qjkcbfp1ii0s70; PHPSESSID=knhavnbibcatioog4asiuo4nl5; _identity=d0334d6f7062773fb666b7552720d41309c1168e4dba71fb0c8f60337e5fe15fa%3A2%3A%7Bi%3A0%3Bs%3A9%3A%22_identity%22%3Bi%3A1%3Bs%3A46%3A%22%5B1%2C%220E2RNEHT0taodzvSi_3sp_PeOmScHj4j%22%2C2592000%5D%22%3B%7D; _csrf=6a47e5044f2cec0f3979a25ca10b1e5d1df6674e78cb38300489aff0ead20cd8a%3A2%3A%7Bi%3A0%3Bs%3A5%3A%22_csrf%22%3Bi%3A1%3Bs%3A32%3A%22IvJFKdmIkxZEg6TxH5mfzhTiYJlb4xxs%22%3B%7D'
    'PATH' => 'C:\\Program Files (x86)\\iis express\\PHP\\v5.5;C:\\WINDOWS\\system32\\inetsrv;C:\\php7;C:\\ProgramData\\Oracle\\Java\\javapath;C:\\Program Files (x86)\\Intel\\iCLS Client\\;C:\\Program Files\\Intel\\iCLS Client\\;C:\\WINDOWS\\system32;C:\\WINDOWS;C:\\WINDOWS\\System32\\Wbem;C:\\WINDOWS\\System32\\WindowsPowerShell\\v1.0\\;C:\\Program Files\\Intel\\Intel(R) Management Engine Components\\DAL;C:\\Program Files\\Intel\\Intel(R) Management Engine Components\\IPT;C:\\Program Files (x86)\\Intel\\Intel(R) Management Engine Components\\DAL;C:\\Program Files (x86)\\Intel\\Intel(R) Management Engine Components\\IPT;C:\\Program Files (x86)\\Microsoft SDKs\\TypeScript\\1.0\\;D:\\xampp\\php;C:\\ProgramData\\ComposerSetup\\bin; C:\\Windows\\SysWOW64; C:\\ProgramData\\ComposerSetup\\bin;C:\\Program Files (x86)\\Windows Kits\\10\\Windows Performance Toolkit\\;C:\\Program Files (x86)\\nodejs\\;C:\\Program Files\\Microsoft SQL Server\\120\\Tools\\Binn\\;C:\\Program Files\\Microsoft SQL Server\\Client SDK\\ODBC\\110\\Tools\\Binn\\;C:\\Program Files (x86)\\Microsoft SQL Server\\120\\Tools\\Binn\\;C:\\Program Files\\Mic;'
    'SystemRoot' => 'C:\\WINDOWS'
    'COMSPEC' => 'C:\\WINDOWS\\system32\\cmd.exe'
    'PATHEXT' => '.COM;.EXE;.BAT;.CMD;.VBS;.VBE;.JS;.JSE;.WSF;.WSH;.MSC'
    'WINDIR' => 'C:\\WINDOWS'
    'SERVER_SIGNATURE' => '<address>Apache/2.4.12 (Win32) OpenSSL/1.0.1l PHP/5.5.24 Server at localhost Port 3636</address>
'
    'SERVER_SOFTWARE' => 'Apache/2.4.12 (Win32) OpenSSL/1.0.1l PHP/5.5.24'
    'SERVER_NAME' => 'localhost'
    'SERVER_ADDR' => '::1'
    'SERVER_PORT' => '3636'
    'REMOTE_ADDR' => '::1'
    'DOCUMENT_ROOT' => 'D:/xampp/htdocs'
    'REQUEST_SCHEME' => 'http'
    'CONTEXT_PREFIX' => ''
    'CONTEXT_DOCUMENT_ROOT' => 'D:/xampp/htdocs'
    'SERVER_ADMIN' => 'postmaster@localhost'
    'SCRIPT_FILENAME' => 'D:/xampp/htdocs/OrderManager/index.php'
    'REMOTE_PORT' => '65522'
    'GATEWAY_INTERFACE' => 'CGI/1.1'
    'SERVER_PROTOCOL' => 'HTTP/1.1'
    'REQUEST_METHOD' => 'GET'
    'QUERY_STRING' => ''
    'REQUEST_URI' => '/OrderManager/'
    'SCRIPT_NAME' => '/OrderManager/index.php'
    'PHP_SELF' => '/OrderManager/index.php'
    'REQUEST_TIME_FLOAT' => 1471601425.568
    'REQUEST_TIME' => 1471601425
]
2016-08-19 12:10:43 [::1][-][knhavnbibcatioog4asiuo4nl5][error][yii\base\ErrorException:8] exception 'yii\base\ErrorException' with message 'Undefined variable: time' in D:\xampp\htdocs\OrderManager\_protected\frontend\views\layouts\main.php:86
Stack trace:
#0 D:\xampp\htdocs\OrderManager\_protected\frontend\views\layouts\main.php(86): yii\base\ErrorHandler->handleError(8, 'Undefined varia...', 'D:\\xampp\\htdocs...', 86, Array)
#1 D:\xampp\htdocs\OrderManager\_protected\vendor\yiisoft\yii2\base\View.php(325): require('D:\\xampp\\htdocs...')
#2 D:\xampp\htdocs\OrderManager\_protected\vendor\yiisoft\yii2\base\View.php(247): yii\base\View->renderPhpFile('D:\\xampp\\htdocs...', Array)
#3 D:\xampp\htdocs\OrderManager\_protected\vendor\yiisoft\yii2\base\Controller.php(393): yii\base\View->renderFile('D:\\xampp\\htdocs...', Array, Object(frontend\controllers\SiteController))
#4 D:\xampp\htdocs\OrderManager\_protected\vendor\yiisoft\yii2\base\Controller.php(379): yii\base\Controller->renderContent('<div class="sit...')
#5 D:\xampp\htdocs\OrderManager\_protected\frontend\controllers\SiteController.php(89): yii\base\Controller->render('index')
#6 [internal function]: frontend\controllers\SiteController->actionIndex()
#7 D:\xampp\htdocs\OrderManager\_protected\vendor\yiisoft\yii2\base\InlineAction.php(55): call_user_func_array(Array, Array)
#8 D:\xampp\htdocs\OrderManager\_protected\vendor\yiisoft\yii2\base\Controller.php(154): yii\base\InlineAction->runWithParams(Array)
#9 D:\xampp\htdocs\OrderManager\_protected\vendor\yiisoft\yii2\base\Module.php(454): yii\base\Controller->runAction('', Array)
#10 D:\xampp\htdocs\OrderManager\_protected\vendor\yiisoft\yii2\web\Application.php(87): yii\base\Module->runAction('', Array)
#11 D:\xampp\htdocs\OrderManager\_protected\vendor\yiisoft\yii2\base\Application.php(375): yii\web\Application->handleRequest(Object(yii\web\Request))
#12 D:\xampp\htdocs\OrderManager\index.php(18): yii\base\Application->run()
#13 {main}
2016-08-19 12:10:43 [::1][-][knhavnbibcatioog4asiuo4nl5][info][application] $_COOKIE = [
    'ai_user' => 'gke2r|2016-02-18T08:14:18.094Z'
    'ASP_NET_SessionId' => 'xgnvyfhz0suxhwiacvncrza2'
    '__RequestVerificationToken' => 'q9fhQonFwf8u27JaPaH7O13NzvWJe-ovbkjdrTKrLUHuDw4zuME_ZVQwUXxYIz9MXyRB9v-dxoPNTysNYhH2Lu86g25puCai8DnJ3qEj3tE1'
    '_AspNet_ApplicationCookie' => '1uWAXolfCII-EjfX38ddi-dRROpOSTerbmJ6KbK-FBbWTDLIj0cFbSc4xrUfoqz-nfzAP8xt3W6tvMtJdAewtl4hlj516xZZWqaJs0USpBAZikDmXWG_nLPtSzj74W8xweg79kJGw7Is5ZVdCwPCbCkO_4KiLiuen7mPKW47rJ8MqSlyYrAPRAU-pbMwIQ60eVnxd6DeV5z5Zr043BnI3pqIe0zyIwjzx9FFUOjPJLrlAIphzDkwx14g8b97wnrEJqYrzZ219amTHg98aBqNhyIxv3ydlpckmhzKx1e0D5UlTzFcinutwRleRCH3L-04QybyJrTyhTHyOqfXFiBtc1pGx1OqxKcAn4H3QUrBR3PkBlPp7lyspeMQ07lgZ0LBhrUSbcuj7Z5w0ABG3l_yAa3qKVPo0Ay6tr17bs-qhDNxHOUQO2CxGgP1KrzpOGwTjbCHR2zjBMrk63ZqzJF_OEpMaIXmrhADEZyzii0tA3nvJexDSGmB8qgQHRLFmAUw'
    'optimizelySegments' => '{\"2332430320\":\"false\",\"2360760115\":\"direct\",\"2366190111\":\"gc\"}'
    'optimizelyEndUserId' => 'oeu1471581584808r0.03560499770328707'
    'optimizelyBuckets' => '{}'
    '__utma' => '111872281.1995383452.1471581586.1471581586.1471581586.1'
    '__utmc' => '111872281'
    '__utmz' => '111872281.1471581586.1.1.utmcsr=(direct)|utmccn=(direct)|utmcmd=(none)'
    '_vwo_uuid_v2' => '36228F98D123246E023E706E6AF60F17|3a3024b93f27a1946d7098979a08055d'
    '__atuvc' => '0|29,0|30,0|31,0|32,1|33'
    '_csrf-frontend' => 'b8ad0b2b942df79e752bdf93f5f9ce6fe1f85a3e6acb393fc044de61bd8517fba:2:{i:0;s:14:\"_csrf-frontend\";i:1;s:32:\"KZddtIkiJx--N14UPjW_2J6wprslewXA\";}'
    '_csrf-backend' => 'b8a2ca99565504e7b7fca33bad55d514a4cf355a80c1e4aa6ca9c5e0d949e412a:2:{i:0;s:13:\"_csrf-backend\";i:1;s:32:\"nQprek-o31kfKBuUuVSJfwWi_VBz9QPC\";}'
    'advanced-frontend' => 'rn5qbkk21n5nh68t28iccvmvf1'
    'advanced-backend' => 'q053jbel5bf8qjkcbfp1ii0s70'
    'PHPSESSID' => 'knhavnbibcatioog4asiuo4nl5'
    '_identity' => 'd0334d6f7062773fb666b7552720d41309c1168e4dba71fb0c8f60337e5fe15fa:2:{i:0;s:9:\"_identity\";i:1;s:46:\"[1,\"0E2RNEHT0taodzvSi_3sp_PeOmScHj4j\",2592000]\";}'
    '_csrf' => '6a47e5044f2cec0f3979a25ca10b1e5d1df6674e78cb38300489aff0ead20cd8a:2:{i:0;s:5:\"_csrf\";i:1;s:32:\"IvJFKdmIkxZEg6TxH5mfzhTiYJlb4xxs\";}'
]

$_SESSION = [
    '__flash' => []
]

$_SERVER = [
    'MIBDIRS' => 'D:/xampp/php/extras/mibs'
    'MYSQL_HOME' => '\\xampp\\mysql\\bin'
    'OPENSSL_CONF' => 'D:/xampp/apache/bin/openssl.cnf'
    'PHP_PEAR_SYSCONF_DIR' => '\\xampp\\php'
    'PHPRC' => '\\xampp\\php'
    'TMP' => '\\xampp\\tmp'
    'HTTP_HOST' => 'localhost:3636'
    'HTTP_CONNECTION' => 'keep-alive'
    'HTTP_CACHE_CONTROL' => 'max-age=0'
    'HTTP_UPGRADE_INSECURE_REQUESTS' => '1'
    'HTTP_USER_AGENT' => 'Mozilla/5.0 (Windows NT 6.3; WOW64) AppleWebKit/537.36 (KHTML, like Gecko) Chrome/52.0.2743.116 Safari/537.36'
    'HTTP_ACCEPT' => 'text/html,application/xhtml+xml,application/xml;q=0.9,image/webp,*/*;q=0.8'
    'HTTP_ACCEPT_ENCODING' => 'gzip, deflate, sdch'
    'HTTP_ACCEPT_LANGUAGE' => 'th-TH,th;q=0.8,en;q=0.6'
    'HTTP_COOKIE' => 'ai_user=gke2r|2016-02-18T08:14:18.094Z; ASP.NET_SessionId=xgnvyfhz0suxhwiacvncrza2; __RequestVerificationToken=q9fhQonFwf8u27JaPaH7O13NzvWJe-ovbkjdrTKrLUHuDw4zuME_ZVQwUXxYIz9MXyRB9v-dxoPNTysNYhH2Lu86g25puCai8DnJ3qEj3tE1; .AspNet.ApplicationCookie=1uWAXolfCII-EjfX38ddi-dRROpOSTerbmJ6KbK-FBbWTDLIj0cFbSc4xrUfoqz-nfzAP8xt3W6tvMtJdAewtl4hlj516xZZWqaJs0USpBAZikDmXWG_nLPtSzj74W8xweg79kJGw7Is5ZVdCwPCbCkO_4KiLiuen7mPKW47rJ8MqSlyYrAPRAU-pbMwIQ60eVnxd6DeV5z5Zr043BnI3pqIe0zyIwjzx9FFUOjPJLrlAIphzDkwx14g8b97wnrEJqYrzZ219amTHg98aBqNhyIxv3ydlpckmhzKx1e0D5UlTzFcinutwRleRCH3L-04QybyJrTyhTHyOqfXFiBtc1pGx1OqxKcAn4H3QUrBR3PkBlPp7lyspeMQ07lgZ0LBhrUSbcuj7Z5w0ABG3l_yAa3qKVPo0Ay6tr17bs-qhDNxHOUQO2CxGgP1KrzpOGwTjbCHR2zjBMrk63ZqzJF_OEpMaIXmrhADEZyzii0tA3nvJexDSGmB8qgQHRLFmAUw; optimizelySegments=%7B%222332430320%22%3A%22false%22%2C%222360760115%22%3A%22direct%22%2C%222366190111%22%3A%22gc%22%7D; optimizelyEndUserId=oeu1471581584808r0.03560499770328707; optimizelyBuckets=%7B%7D; __utma=111872281.1995383452.1471581586.1471581586.1471581586.1; __utmc=111872281; __utmz=111872281.1471581586.1.1.utmcsr=(direct)|utmccn=(direct)|utmcmd=(none); _vwo_uuid_v2=36228F98D123246E023E706E6AF60F17|3a3024b93f27a1946d7098979a08055d; __atuvc=0%7C29%2C0%7C30%2C0%7C31%2C0%7C32%2C1%7C33; _csrf-frontend=b8ad0b2b942df79e752bdf93f5f9ce6fe1f85a3e6acb393fc044de61bd8517fba%3A2%3A%7Bi%3A0%3Bs%3A14%3A%22_csrf-frontend%22%3Bi%3A1%3Bs%3A32%3A%22KZddtIkiJx--N14UPjW_2J6wprslewXA%22%3B%7D; _csrf-backend=b8a2ca99565504e7b7fca33bad55d514a4cf355a80c1e4aa6ca9c5e0d949e412a%3A2%3A%7Bi%3A0%3Bs%3A13%3A%22_csrf-backend%22%3Bi%3A1%3Bs%3A32%3A%22nQprek-o31kfKBuUuVSJfwWi_VBz9QPC%22%3B%7D; advanced-frontend=rn5qbkk21n5nh68t28iccvmvf1; advanced-backend=q053jbel5bf8qjkcbfp1ii0s70; PHPSESSID=knhavnbibcatioog4asiuo4nl5; _identity=d0334d6f7062773fb666b7552720d41309c1168e4dba71fb0c8f60337e5fe15fa%3A2%3A%7Bi%3A0%3Bs%3A9%3A%22_identity%22%3Bi%3A1%3Bs%3A46%3A%22%5B1%2C%220E2RNEHT0taodzvSi_3sp_PeOmScHj4j%22%2C2592000%5D%22%3B%7D; _csrf=6a47e5044f2cec0f3979a25ca10b1e5d1df6674e78cb38300489aff0ead20cd8a%3A2%3A%7Bi%3A0%3Bs%3A5%3A%22_csrf%22%3Bi%3A1%3Bs%3A32%3A%22IvJFKdmIkxZEg6TxH5mfzhTiYJlb4xxs%22%3B%7D'
    'PATH' => 'C:\\Program Files (x86)\\iis express\\PHP\\v5.5;C:\\WINDOWS\\system32\\inetsrv;C:\\php7;C:\\ProgramData\\Oracle\\Java\\javapath;C:\\Program Files (x86)\\Intel\\iCLS Client\\;C:\\Program Files\\Intel\\iCLS Client\\;C:\\WINDOWS\\system32;C:\\WINDOWS;C:\\WINDOWS\\System32\\Wbem;C:\\WINDOWS\\System32\\WindowsPowerShell\\v1.0\\;C:\\Program Files\\Intel\\Intel(R) Management Engine Components\\DAL;C:\\Program Files\\Intel\\Intel(R) Management Engine Components\\IPT;C:\\Program Files (x86)\\Intel\\Intel(R) Management Engine Components\\DAL;C:\\Program Files (x86)\\Intel\\Intel(R) Management Engine Components\\IPT;C:\\Program Files (x86)\\Microsoft SDKs\\TypeScript\\1.0\\;D:\\xampp\\php;C:\\ProgramData\\ComposerSetup\\bin; C:\\Windows\\SysWOW64; C:\\ProgramData\\ComposerSetup\\bin;C:\\Program Files (x86)\\Windows Kits\\10\\Windows Performance Toolkit\\;C:\\Program Files (x86)\\nodejs\\;C:\\Program Files\\Microsoft SQL Server\\120\\Tools\\Binn\\;C:\\Program Files\\Microsoft SQL Server\\Client SDK\\ODBC\\110\\Tools\\Binn\\;C:\\Program Files (x86)\\Microsoft SQL Server\\120\\Tools\\Binn\\;C:\\Program Files\\Mic;'
    'SystemRoot' => 'C:\\WINDOWS'
    'COMSPEC' => 'C:\\WINDOWS\\system32\\cmd.exe'
    'PATHEXT' => '.COM;.EXE;.BAT;.CMD;.VBS;.VBE;.JS;.JSE;.WSF;.WSH;.MSC'
    'WINDIR' => 'C:\\WINDOWS'
    'SERVER_SIGNATURE' => '<address>Apache/2.4.12 (Win32) OpenSSL/1.0.1l PHP/5.5.24 Server at localhost Port 3636</address>
'
    'SERVER_SOFTWARE' => 'Apache/2.4.12 (Win32) OpenSSL/1.0.1l PHP/5.5.24'
    'SERVER_NAME' => 'localhost'
    'SERVER_ADDR' => '::1'
    'SERVER_PORT' => '3636'
    'REMOTE_ADDR' => '::1'
    'DOCUMENT_ROOT' => 'D:/xampp/htdocs'
    'REQUEST_SCHEME' => 'http'
    'CONTEXT_PREFIX' => ''
    'CONTEXT_DOCUMENT_ROOT' => 'D:/xampp/htdocs'
    'SERVER_ADMIN' => 'postmaster@localhost'
    'SCRIPT_FILENAME' => 'D:/xampp/htdocs/OrderManager/index.php'
    'REMOTE_PORT' => '65527'
    'GATEWAY_INTERFACE' => 'CGI/1.1'
    'SERVER_PROTOCOL' => 'HTTP/1.1'
    'REQUEST_METHOD' => 'GET'
    'QUERY_STRING' => ''
    'REQUEST_URI' => '/OrderManager/'
    'SCRIPT_NAME' => '/OrderManager/index.php'
    'PHP_SELF' => '/OrderManager/index.php'
    'REQUEST_TIME_FLOAT' => 1471601443.455
    'REQUEST_TIME' => 1471601443
]
2016-08-19 12:10:56 [::1][-][knhavnbibcatioog4asiuo4nl5][error][yii\base\ErrorException:8] exception 'yii\base\ErrorException' with message 'Undefined variable: time' in D:\xampp\htdocs\OrderManager\_protected\frontend\views\layouts\main.php:86
Stack trace:
#0 D:\xampp\htdocs\OrderManager\_protected\frontend\views\layouts\main.php(86): yii\base\ErrorHandler->handleError(8, 'Undefined varia...', 'D:\\xampp\\htdocs...', 86, Array)
#1 D:\xampp\htdocs\OrderManager\_protected\vendor\yiisoft\yii2\base\View.php(325): require('D:\\xampp\\htdocs...')
#2 D:\xampp\htdocs\OrderManager\_protected\vendor\yiisoft\yii2\base\View.php(247): yii\base\View->renderPhpFile('D:\\xampp\\htdocs...', Array)
#3 D:\xampp\htdocs\OrderManager\_protected\vendor\yiisoft\yii2\base\Controller.php(393): yii\base\View->renderFile('D:\\xampp\\htdocs...', Array, Object(frontend\controllers\SiteController))
#4 D:\xampp\htdocs\OrderManager\_protected\vendor\yiisoft\yii2\base\Controller.php(379): yii\base\Controller->renderContent('<div class="sit...')
#5 D:\xampp\htdocs\OrderManager\_protected\frontend\controllers\SiteController.php(89): yii\base\Controller->render('index')
#6 [internal function]: frontend\controllers\SiteController->actionIndex()
#7 D:\xampp\htdocs\OrderManager\_protected\vendor\yiisoft\yii2\base\InlineAction.php(55): call_user_func_array(Array, Array)
#8 D:\xampp\htdocs\OrderManager\_protected\vendor\yiisoft\yii2\base\Controller.php(154): yii\base\InlineAction->runWithParams(Array)
#9 D:\xampp\htdocs\OrderManager\_protected\vendor\yiisoft\yii2\base\Module.php(454): yii\base\Controller->runAction('', Array)
#10 D:\xampp\htdocs\OrderManager\_protected\vendor\yiisoft\yii2\web\Application.php(87): yii\base\Module->runAction('', Array)
#11 D:\xampp\htdocs\OrderManager\_protected\vendor\yiisoft\yii2\base\Application.php(375): yii\web\Application->handleRequest(Object(yii\web\Request))
#12 D:\xampp\htdocs\OrderManager\index.php(18): yii\base\Application->run()
#13 {main}
2016-08-19 12:10:56 [::1][-][knhavnbibcatioog4asiuo4nl5][info][application] $_COOKIE = [
    'ai_user' => 'gke2r|2016-02-18T08:14:18.094Z'
    'ASP_NET_SessionId' => 'xgnvyfhz0suxhwiacvncrza2'
    '__RequestVerificationToken' => 'q9fhQonFwf8u27JaPaH7O13NzvWJe-ovbkjdrTKrLUHuDw4zuME_ZVQwUXxYIz9MXyRB9v-dxoPNTysNYhH2Lu86g25puCai8DnJ3qEj3tE1'
    '_AspNet_ApplicationCookie' => '1uWAXolfCII-EjfX38ddi-dRROpOSTerbmJ6KbK-FBbWTDLIj0cFbSc4xrUfoqz-nfzAP8xt3W6tvMtJdAewtl4hlj516xZZWqaJs0USpBAZikDmXWG_nLPtSzj74W8xweg79kJGw7Is5ZVdCwPCbCkO_4KiLiuen7mPKW47rJ8MqSlyYrAPRAU-pbMwIQ60eVnxd6DeV5z5Zr043BnI3pqIe0zyIwjzx9FFUOjPJLrlAIphzDkwx14g8b97wnrEJqYrzZ219amTHg98aBqNhyIxv3ydlpckmhzKx1e0D5UlTzFcinutwRleRCH3L-04QybyJrTyhTHyOqfXFiBtc1pGx1OqxKcAn4H3QUrBR3PkBlPp7lyspeMQ07lgZ0LBhrUSbcuj7Z5w0ABG3l_yAa3qKVPo0Ay6tr17bs-qhDNxHOUQO2CxGgP1KrzpOGwTjbCHR2zjBMrk63ZqzJF_OEpMaIXmrhADEZyzii0tA3nvJexDSGmB8qgQHRLFmAUw'
    'optimizelySegments' => '{\"2332430320\":\"false\",\"2360760115\":\"direct\",\"2366190111\":\"gc\"}'
    'optimizelyEndUserId' => 'oeu1471581584808r0.03560499770328707'
    'optimizelyBuckets' => '{}'
    '__utma' => '111872281.1995383452.1471581586.1471581586.1471581586.1'
    '__utmc' => '111872281'
    '__utmz' => '111872281.1471581586.1.1.utmcsr=(direct)|utmccn=(direct)|utmcmd=(none)'
    '_vwo_uuid_v2' => '36228F98D123246E023E706E6AF60F17|3a3024b93f27a1946d7098979a08055d'
    '__atuvc' => '0|29,0|30,0|31,0|32,1|33'
    '_csrf-frontend' => 'b8ad0b2b942df79e752bdf93f5f9ce6fe1f85a3e6acb393fc044de61bd8517fba:2:{i:0;s:14:\"_csrf-frontend\";i:1;s:32:\"KZddtIkiJx--N14UPjW_2J6wprslewXA\";}'
    '_csrf-backend' => 'b8a2ca99565504e7b7fca33bad55d514a4cf355a80c1e4aa6ca9c5e0d949e412a:2:{i:0;s:13:\"_csrf-backend\";i:1;s:32:\"nQprek-o31kfKBuUuVSJfwWi_VBz9QPC\";}'
    'advanced-frontend' => 'rn5qbkk21n5nh68t28iccvmvf1'
    'advanced-backend' => 'q053jbel5bf8qjkcbfp1ii0s70'
    'PHPSESSID' => 'knhavnbibcatioog4asiuo4nl5'
    '_identity' => 'd0334d6f7062773fb666b7552720d41309c1168e4dba71fb0c8f60337e5fe15fa:2:{i:0;s:9:\"_identity\";i:1;s:46:\"[1,\"0E2RNEHT0taodzvSi_3sp_PeOmScHj4j\",2592000]\";}'
    '_csrf' => '6a47e5044f2cec0f3979a25ca10b1e5d1df6674e78cb38300489aff0ead20cd8a:2:{i:0;s:5:\"_csrf\";i:1;s:32:\"IvJFKdmIkxZEg6TxH5mfzhTiYJlb4xxs\";}'
]

$_SESSION = [
    '__flash' => []
]

$_SERVER = [
    'MIBDIRS' => 'D:/xampp/php/extras/mibs'
    'MYSQL_HOME' => '\\xampp\\mysql\\bin'
    'OPENSSL_CONF' => 'D:/xampp/apache/bin/openssl.cnf'
    'PHP_PEAR_SYSCONF_DIR' => '\\xampp\\php'
    'PHPRC' => '\\xampp\\php'
    'TMP' => '\\xampp\\tmp'
    'HTTP_HOST' => 'localhost:3636'
    'HTTP_CONNECTION' => 'keep-alive'
    'HTTP_PRAGMA' => 'no-cache'
    'HTTP_CACHE_CONTROL' => 'no-cache'
    'HTTP_UPGRADE_INSECURE_REQUESTS' => '1'
    'HTTP_USER_AGENT' => 'Mozilla/5.0 (Windows NT 6.3; WOW64) AppleWebKit/537.36 (KHTML, like Gecko) Chrome/52.0.2743.116 Safari/537.36'
    'HTTP_ACCEPT' => 'text/html,application/xhtml+xml,application/xml;q=0.9,image/webp,*/*;q=0.8'
    'HTTP_ACCEPT_ENCODING' => 'gzip, deflate, sdch'
    'HTTP_ACCEPT_LANGUAGE' => 'th-TH,th;q=0.8,en;q=0.6'
    'HTTP_COOKIE' => 'ai_user=gke2r|2016-02-18T08:14:18.094Z; ASP.NET_SessionId=xgnvyfhz0suxhwiacvncrza2; __RequestVerificationToken=q9fhQonFwf8u27JaPaH7O13NzvWJe-ovbkjdrTKrLUHuDw4zuME_ZVQwUXxYIz9MXyRB9v-dxoPNTysNYhH2Lu86g25puCai8DnJ3qEj3tE1; .AspNet.ApplicationCookie=1uWAXolfCII-EjfX38ddi-dRROpOSTerbmJ6KbK-FBbWTDLIj0cFbSc4xrUfoqz-nfzAP8xt3W6tvMtJdAewtl4hlj516xZZWqaJs0USpBAZikDmXWG_nLPtSzj74W8xweg79kJGw7Is5ZVdCwPCbCkO_4KiLiuen7mPKW47rJ8MqSlyYrAPRAU-pbMwIQ60eVnxd6DeV5z5Zr043BnI3pqIe0zyIwjzx9FFUOjPJLrlAIphzDkwx14g8b97wnrEJqYrzZ219amTHg98aBqNhyIxv3ydlpckmhzKx1e0D5UlTzFcinutwRleRCH3L-04QybyJrTyhTHyOqfXFiBtc1pGx1OqxKcAn4H3QUrBR3PkBlPp7lyspeMQ07lgZ0LBhrUSbcuj7Z5w0ABG3l_yAa3qKVPo0Ay6tr17bs-qhDNxHOUQO2CxGgP1KrzpOGwTjbCHR2zjBMrk63ZqzJF_OEpMaIXmrhADEZyzii0tA3nvJexDSGmB8qgQHRLFmAUw; optimizelySegments=%7B%222332430320%22%3A%22false%22%2C%222360760115%22%3A%22direct%22%2C%222366190111%22%3A%22gc%22%7D; optimizelyEndUserId=oeu1471581584808r0.03560499770328707; optimizelyBuckets=%7B%7D; __utma=111872281.1995383452.1471581586.1471581586.1471581586.1; __utmc=111872281; __utmz=111872281.1471581586.1.1.utmcsr=(direct)|utmccn=(direct)|utmcmd=(none); _vwo_uuid_v2=36228F98D123246E023E706E6AF60F17|3a3024b93f27a1946d7098979a08055d; __atuvc=0%7C29%2C0%7C30%2C0%7C31%2C0%7C32%2C1%7C33; _csrf-frontend=b8ad0b2b942df79e752bdf93f5f9ce6fe1f85a3e6acb393fc044de61bd8517fba%3A2%3A%7Bi%3A0%3Bs%3A14%3A%22_csrf-frontend%22%3Bi%3A1%3Bs%3A32%3A%22KZddtIkiJx--N14UPjW_2J6wprslewXA%22%3B%7D; _csrf-backend=b8a2ca99565504e7b7fca33bad55d514a4cf355a80c1e4aa6ca9c5e0d949e412a%3A2%3A%7Bi%3A0%3Bs%3A13%3A%22_csrf-backend%22%3Bi%3A1%3Bs%3A32%3A%22nQprek-o31kfKBuUuVSJfwWi_VBz9QPC%22%3B%7D; advanced-frontend=rn5qbkk21n5nh68t28iccvmvf1; advanced-backend=q053jbel5bf8qjkcbfp1ii0s70; PHPSESSID=knhavnbibcatioog4asiuo4nl5; _identity=d0334d6f7062773fb666b7552720d41309c1168e4dba71fb0c8f60337e5fe15fa%3A2%3A%7Bi%3A0%3Bs%3A9%3A%22_identity%22%3Bi%3A1%3Bs%3A46%3A%22%5B1%2C%220E2RNEHT0taodzvSi_3sp_PeOmScHj4j%22%2C2592000%5D%22%3B%7D; _csrf=6a47e5044f2cec0f3979a25ca10b1e5d1df6674e78cb38300489aff0ead20cd8a%3A2%3A%7Bi%3A0%3Bs%3A5%3A%22_csrf%22%3Bi%3A1%3Bs%3A32%3A%22IvJFKdmIkxZEg6TxH5mfzhTiYJlb4xxs%22%3B%7D'
    'PATH' => 'C:\\Program Files (x86)\\iis express\\PHP\\v5.5;C:\\WINDOWS\\system32\\inetsrv;C:\\php7;C:\\ProgramData\\Oracle\\Java\\javapath;C:\\Program Files (x86)\\Intel\\iCLS Client\\;C:\\Program Files\\Intel\\iCLS Client\\;C:\\WINDOWS\\system32;C:\\WINDOWS;C:\\WINDOWS\\System32\\Wbem;C:\\WINDOWS\\System32\\WindowsPowerShell\\v1.0\\;C:\\Program Files\\Intel\\Intel(R) Management Engine Components\\DAL;C:\\Program Files\\Intel\\Intel(R) Management Engine Components\\IPT;C:\\Program Files (x86)\\Intel\\Intel(R) Management Engine Components\\DAL;C:\\Program Files (x86)\\Intel\\Intel(R) Management Engine Components\\IPT;C:\\Program Files (x86)\\Microsoft SDKs\\TypeScript\\1.0\\;D:\\xampp\\php;C:\\ProgramData\\ComposerSetup\\bin; C:\\Windows\\SysWOW64; C:\\ProgramData\\ComposerSetup\\bin;C:\\Program Files (x86)\\Windows Kits\\10\\Windows Performance Toolkit\\;C:\\Program Files (x86)\\nodejs\\;C:\\Program Files\\Microsoft SQL Server\\120\\Tools\\Binn\\;C:\\Program Files\\Microsoft SQL Server\\Client SDK\\ODBC\\110\\Tools\\Binn\\;C:\\Program Files (x86)\\Microsoft SQL Server\\120\\Tools\\Binn\\;C:\\Program Files\\Mic;'
    'SystemRoot' => 'C:\\WINDOWS'
    'COMSPEC' => 'C:\\WINDOWS\\system32\\cmd.exe'
    'PATHEXT' => '.COM;.EXE;.BAT;.CMD;.VBS;.VBE;.JS;.JSE;.WSF;.WSH;.MSC'
    'WINDIR' => 'C:\\WINDOWS'
    'SERVER_SIGNATURE' => '<address>Apache/2.4.12 (Win32) OpenSSL/1.0.1l PHP/5.5.24 Server at localhost Port 3636</address>
'
    'SERVER_SOFTWARE' => 'Apache/2.4.12 (Win32) OpenSSL/1.0.1l PHP/5.5.24'
    'SERVER_NAME' => 'localhost'
    'SERVER_ADDR' => '::1'
    'SERVER_PORT' => '3636'
    'REMOTE_ADDR' => '::1'
    'DOCUMENT_ROOT' => 'D:/xampp/htdocs'
    'REQUEST_SCHEME' => 'http'
    'CONTEXT_PREFIX' => ''
    'CONTEXT_DOCUMENT_ROOT' => 'D:/xampp/htdocs'
    'SERVER_ADMIN' => 'postmaster@localhost'
    'SCRIPT_FILENAME' => 'D:/xampp/htdocs/OrderManager/index.php'
    'REMOTE_PORT' => '65532'
    'GATEWAY_INTERFACE' => 'CGI/1.1'
    'SERVER_PROTOCOL' => 'HTTP/1.1'
    'REQUEST_METHOD' => 'GET'
    'QUERY_STRING' => ''
    'REQUEST_URI' => '/OrderManager/'
    'SCRIPT_NAME' => '/OrderManager/index.php'
    'PHP_SELF' => '/OrderManager/index.php'
    'REQUEST_TIME_FLOAT' => 1471601456.04
    'REQUEST_TIME' => 1471601456
]
2016-08-26 04:23:31 [::1][-][kch9ogejrecni8clvt2eu5jft6][error][yii\web\HttpException:404] exception 'yii\base\InvalidRouteException' with message 'Unable to resolve the request: frontend/' in D:\xampp\htdocs\OrderManager\_protected\vendor\yiisoft\yii2\base\Controller.php:125
Stack trace:
#0 D:\xampp\htdocs\OrderManager\_protected\vendor\yiisoft\yii2\base\Module.php(454): yii\base\Controller->runAction('', Array)
#1 D:\xampp\htdocs\OrderManager\_protected\vendor\yiisoft\yii2\web\Application.php(87): yii\base\Module->runAction('frontend', Array)
#2 D:\xampp\htdocs\OrderManager\_protected\vendor\yiisoft\yii2\base\Application.php(375): yii\web\Application->handleRequest(Object(yii\web\Request))
#3 D:\xampp\htdocs\OrderManager\index.php(18): yii\base\Application->run()
#4 {main}

Next exception 'yii\web\NotFoundHttpException' with message 'Page not found.' in D:\xampp\htdocs\OrderManager\_protected\vendor\yiisoft\yii2\web\Application.php:99
Stack trace:
#0 D:\xampp\htdocs\OrderManager\_protected\vendor\yiisoft\yii2\base\Application.php(375): yii\web\Application->handleRequest(Object(yii\web\Request))
#1 D:\xampp\htdocs\OrderManager\index.php(18): yii\base\Application->run()
#2 {main}
2016-08-26 04:23:31 [::1][-][kch9ogejrecni8clvt2eu5jft6][info][application] $_COOKIE = [
    'ai_user' => 'gke2r|2016-02-18T08:14:18.094Z'
    'ASP_NET_SessionId' => 'xgnvyfhz0suxhwiacvncrza2'
    '__RequestVerificationToken' => 'q9fhQonFwf8u27JaPaH7O13NzvWJe-ovbkjdrTKrLUHuDw4zuME_ZVQwUXxYIz9MXyRB9v-dxoPNTysNYhH2Lu86g25puCai8DnJ3qEj3tE1'
    '_AspNet_ApplicationCookie' => '1uWAXolfCII-EjfX38ddi-dRROpOSTerbmJ6KbK-FBbWTDLIj0cFbSc4xrUfoqz-nfzAP8xt3W6tvMtJdAewtl4hlj516xZZWqaJs0USpBAZikDmXWG_nLPtSzj74W8xweg79kJGw7Is5ZVdCwPCbCkO_4KiLiuen7mPKW47rJ8MqSlyYrAPRAU-pbMwIQ60eVnxd6DeV5z5Zr043BnI3pqIe0zyIwjzx9FFUOjPJLrlAIphzDkwx14g8b97wnrEJqYrzZ219amTHg98aBqNhyIxv3ydlpckmhzKx1e0D5UlTzFcinutwRleRCH3L-04QybyJrTyhTHyOqfXFiBtc1pGx1OqxKcAn4H3QUrBR3PkBlPp7lyspeMQ07lgZ0LBhrUSbcuj7Z5w0ABG3l_yAa3qKVPo0Ay6tr17bs-qhDNxHOUQO2CxGgP1KrzpOGwTjbCHR2zjBMrk63ZqzJF_OEpMaIXmrhADEZyzii0tA3nvJexDSGmB8qgQHRLFmAUw'
    'optimizelySegments' => '{\"2332430320\":\"false\",\"2360760115\":\"direct\",\"2366190111\":\"gc\"}'
    'optimizelyEndUserId' => 'oeu1471581584808r0.03560499770328707'
    'optimizelyBuckets' => '{}'
    '__utma' => '111872281.1995383452.1471581586.1471581586.1471581586.1'
    '__utmc' => '111872281'
    '__utmz' => '111872281.1471581586.1.1.utmcsr=(direct)|utmccn=(direct)|utmcmd=(none)'
    '_vwo_uuid_v2' => '36228F98D123246E023E706E6AF60F17|3a3024b93f27a1946d7098979a08055d'
    '__atuvc' => '0|29,0|30,0|31,0|32,1|33'
    '_csrf-frontend' => 'b8ad0b2b942df79e752bdf93f5f9ce6fe1f85a3e6acb393fc044de61bd8517fba:2:{i:0;s:14:\"_csrf-frontend\";i:1;s:32:\"KZddtIkiJx--N14UPjW_2J6wprslewXA\";}'
    '_csrf-backend' => 'b8a2ca99565504e7b7fca33bad55d514a4cf355a80c1e4aa6ca9c5e0d949e412a:2:{i:0;s:13:\"_csrf-backend\";i:1;s:32:\"nQprek-o31kfKBuUuVSJfwWi_VBz9QPC\";}'
    'advanced-frontend' => 'rn5qbkk21n5nh68t28iccvmvf1'
    'advanced-backend' => 'q053jbel5bf8qjkcbfp1ii0s70'
    'PHPSESSID' => 'kch9ogejrecni8clvt2eu5jft6'
    '_csrf' => 'c3e5951a04423c076d571ffa7ea7d16ac760d3864a584ccc348a9a9c996e955aa:2:{i:0;s:5:\"_csrf\";i:1;s:32:\"jGD0Cvdp3SGtQkYk3H9MdMQfN7je4iHq\";}'
]

$_SESSION = [
    '__flash' => []
]

$_SERVER = [
    'REDIRECT_MIBDIRS' => 'D:/xampp/php/extras/mibs'
    'REDIRECT_MYSQL_HOME' => '\\xampp\\mysql\\bin'
    'REDIRECT_OPENSSL_CONF' => 'D:/xampp/apache/bin/openssl.cnf'
    'REDIRECT_PHP_PEAR_SYSCONF_DIR' => '\\xampp\\php'
    'REDIRECT_PHPRC' => '\\xampp\\php'
    'REDIRECT_TMP' => '\\xampp\\tmp'
    'REDIRECT_STATUS' => '200'
    'MIBDIRS' => 'D:/xampp/php/extras/mibs'
    'MYSQL_HOME' => '\\xampp\\mysql\\bin'
    'OPENSSL_CONF' => 'D:/xampp/apache/bin/openssl.cnf'
    'PHP_PEAR_SYSCONF_DIR' => '\\xampp\\php'
    'PHPRC' => '\\xampp\\php'
    'TMP' => '\\xampp\\tmp'
    'HTTP_HOST' => 'localhost:3636'
    'HTTP_CONNECTION' => 'keep-alive'
    'HTTP_UPGRADE_INSECURE_REQUESTS' => '1'
    'HTTP_USER_AGENT' => 'Mozilla/5.0 (Windows NT 6.3; WOW64) AppleWebKit/537.36 (KHTML, like Gecko) Chrome/52.0.2743.116 Safari/537.36'
    'HTTP_ACCEPT' => 'text/html,application/xhtml+xml,application/xml;q=0.9,image/webp,*/*;q=0.8'
    'HTTP_ACCEPT_ENCODING' => 'gzip, deflate, sdch'
    'HTTP_ACCEPT_LANGUAGE' => 'th-TH,th;q=0.8,en;q=0.6'
    'HTTP_COOKIE' => 'ai_user=gke2r|2016-02-18T08:14:18.094Z; ASP.NET_SessionId=xgnvyfhz0suxhwiacvncrza2; __RequestVerificationToken=q9fhQonFwf8u27JaPaH7O13NzvWJe-ovbkjdrTKrLUHuDw4zuME_ZVQwUXxYIz9MXyRB9v-dxoPNTysNYhH2Lu86g25puCai8DnJ3qEj3tE1; .AspNet.ApplicationCookie=1uWAXolfCII-EjfX38ddi-dRROpOSTerbmJ6KbK-FBbWTDLIj0cFbSc4xrUfoqz-nfzAP8xt3W6tvMtJdAewtl4hlj516xZZWqaJs0USpBAZikDmXWG_nLPtSzj74W8xweg79kJGw7Is5ZVdCwPCbCkO_4KiLiuen7mPKW47rJ8MqSlyYrAPRAU-pbMwIQ60eVnxd6DeV5z5Zr043BnI3pqIe0zyIwjzx9FFUOjPJLrlAIphzDkwx14g8b97wnrEJqYrzZ219amTHg98aBqNhyIxv3ydlpckmhzKx1e0D5UlTzFcinutwRleRCH3L-04QybyJrTyhTHyOqfXFiBtc1pGx1OqxKcAn4H3QUrBR3PkBlPp7lyspeMQ07lgZ0LBhrUSbcuj7Z5w0ABG3l_yAa3qKVPo0Ay6tr17bs-qhDNxHOUQO2CxGgP1KrzpOGwTjbCHR2zjBMrk63ZqzJF_OEpMaIXmrhADEZyzii0tA3nvJexDSGmB8qgQHRLFmAUw; optimizelySegments=%7B%222332430320%22%3A%22false%22%2C%222360760115%22%3A%22direct%22%2C%222366190111%22%3A%22gc%22%7D; optimizelyEndUserId=oeu1471581584808r0.03560499770328707; optimizelyBuckets=%7B%7D; __utma=111872281.1995383452.1471581586.1471581586.1471581586.1; __utmc=111872281; __utmz=111872281.1471581586.1.1.utmcsr=(direct)|utmccn=(direct)|utmcmd=(none); _vwo_uuid_v2=36228F98D123246E023E706E6AF60F17|3a3024b93f27a1946d7098979a08055d; __atuvc=0%7C29%2C0%7C30%2C0%7C31%2C0%7C32%2C1%7C33; _csrf-frontend=b8ad0b2b942df79e752bdf93f5f9ce6fe1f85a3e6acb393fc044de61bd8517fba%3A2%3A%7Bi%3A0%3Bs%3A14%3A%22_csrf-frontend%22%3Bi%3A1%3Bs%3A32%3A%22KZddtIkiJx--N14UPjW_2J6wprslewXA%22%3B%7D; _csrf-backend=b8a2ca99565504e7b7fca33bad55d514a4cf355a80c1e4aa6ca9c5e0d949e412a%3A2%3A%7Bi%3A0%3Bs%3A13%3A%22_csrf-backend%22%3Bi%3A1%3Bs%3A32%3A%22nQprek-o31kfKBuUuVSJfwWi_VBz9QPC%22%3B%7D; advanced-frontend=rn5qbkk21n5nh68t28iccvmvf1; advanced-backend=q053jbel5bf8qjkcbfp1ii0s70; PHPSESSID=kch9ogejrecni8clvt2eu5jft6; _csrf=c3e5951a04423c076d571ffa7ea7d16ac760d3864a584ccc348a9a9c996e955aa%3A2%3A%7Bi%3A0%3Bs%3A5%3A%22_csrf%22%3Bi%3A1%3Bs%3A32%3A%22jGD0Cvdp3SGtQkYk3H9MdMQfN7je4iHq%22%3B%7D'
    'PATH' => 'C:\\Program Files (x86)\\iis express\\PHP\\v5.5;C:\\WINDOWS\\system32\\inetsrv;C:\\php7;C:\\ProgramData\\Oracle\\Java\\javapath;C:\\Program Files (x86)\\Intel\\iCLS Client\\;C:\\Program Files\\Intel\\iCLS Client\\;C:\\WINDOWS\\system32;C:\\WINDOWS;C:\\WINDOWS\\System32\\Wbem;C:\\WINDOWS\\System32\\WindowsPowerShell\\v1.0\\;C:\\Program Files\\Intel\\Intel(R) Management Engine Components\\DAL;C:\\Program Files\\Intel\\Intel(R) Management Engine Components\\IPT;C:\\Program Files (x86)\\Intel\\Intel(R) Management Engine Components\\DAL;C:\\Program Files (x86)\\Intel\\Intel(R) Management Engine Components\\IPT;C:\\Program Files (x86)\\Microsoft SDKs\\TypeScript\\1.0\\;D:\\xampp\\php;C:\\ProgramData\\ComposerSetup\\bin; C:\\Windows\\SysWOW64; C:\\ProgramData\\ComposerSetup\\bin;C:\\Program Files (x86)\\Windows Kits\\10\\Windows Performance Toolkit\\;C:\\Program Files (x86)\\nodejs\\;C:\\Program Files\\Microsoft SQL Server\\120\\Tools\\Binn\\;C:\\Program Files\\Microsoft SQL Server\\Client SDK\\ODBC\\110\\Tools\\Binn\\;C:\\Program Files (x86)\\Microsoft SQL Server\\120\\Tools\\Binn\\;C:\\Program Files\\Mic;'
    'SystemRoot' => 'C:\\WINDOWS'
    'COMSPEC' => 'C:\\WINDOWS\\system32\\cmd.exe'
    'PATHEXT' => '.COM;.EXE;.BAT;.CMD;.VBS;.VBE;.JS;.JSE;.WSF;.WSH;.MSC'
    'WINDIR' => 'C:\\WINDOWS'
    'SERVER_SIGNATURE' => '<address>Apache/2.4.12 (Win32) OpenSSL/1.0.1l PHP/5.5.24 Server at localhost Port 3636</address>
'
    'SERVER_SOFTWARE' => 'Apache/2.4.12 (Win32) OpenSSL/1.0.1l PHP/5.5.24'
    'SERVER_NAME' => 'localhost'
    'SERVER_ADDR' => '::1'
    'SERVER_PORT' => '3636'
    'REMOTE_ADDR' => '::1'
    'DOCUMENT_ROOT' => 'D:/xampp/htdocs'
    'REQUEST_SCHEME' => 'http'
    'CONTEXT_PREFIX' => ''
    'CONTEXT_DOCUMENT_ROOT' => 'D:/xampp/htdocs'
    'SERVER_ADMIN' => 'postmaster@localhost'
    'SCRIPT_FILENAME' => 'D:/xampp/htdocs/OrderManager/index.php'
    'REMOTE_PORT' => '51898'
    'REDIRECT_URL' => '/OrderManager/frontend'
    'GATEWAY_INTERFACE' => 'CGI/1.1'
    'SERVER_PROTOCOL' => 'HTTP/1.1'
    'REQUEST_METHOD' => 'GET'
    'QUERY_STRING' => ''
    'REQUEST_URI' => '/OrderManager/frontend'
    'SCRIPT_NAME' => '/OrderManager/index.php'
    'PHP_SELF' => '/OrderManager/index.php'
    'REQUEST_TIME_FLOAT' => 1472178211.174
    'REQUEST_TIME' => 1472178211
]
2016-08-26 04:23:45 [::1][-][kch9ogejrecni8clvt2eu5jft6][error][yii\web\HttpException:404] exception 'yii\base\InvalidRouteException' with message 'Unable to resolve the request: frontend/web' in D:\xampp\htdocs\OrderManager\_protected\vendor\yiisoft\yii2\base\Controller.php:125
Stack trace:
#0 D:\xampp\htdocs\OrderManager\_protected\vendor\yiisoft\yii2\base\Module.php(454): yii\base\Controller->runAction('web', Array)
#1 D:\xampp\htdocs\OrderManager\_protected\vendor\yiisoft\yii2\web\Application.php(87): yii\base\Module->runAction('frontend/web', Array)
#2 D:\xampp\htdocs\OrderManager\_protected\vendor\yiisoft\yii2\base\Application.php(375): yii\web\Application->handleRequest(Object(yii\web\Request))
#3 D:\xampp\htdocs\OrderManager\index.php(18): yii\base\Application->run()
#4 {main}

Next exception 'yii\web\NotFoundHttpException' with message 'Page not found.' in D:\xampp\htdocs\OrderManager\_protected\vendor\yiisoft\yii2\web\Application.php:99
Stack trace:
#0 D:\xampp\htdocs\OrderManager\_protected\vendor\yiisoft\yii2\base\Application.php(375): yii\web\Application->handleRequest(Object(yii\web\Request))
#1 D:\xampp\htdocs\OrderManager\index.php(18): yii\base\Application->run()
#2 {main}
2016-08-26 04:23:45 [::1][-][kch9ogejrecni8clvt2eu5jft6][info][application] $_COOKIE = [
    'ai_user' => 'gke2r|2016-02-18T08:14:18.094Z'
    'ASP_NET_SessionId' => 'xgnvyfhz0suxhwiacvncrza2'
    '__RequestVerificationToken' => 'q9fhQonFwf8u27JaPaH7O13NzvWJe-ovbkjdrTKrLUHuDw4zuME_ZVQwUXxYIz9MXyRB9v-dxoPNTysNYhH2Lu86g25puCai8DnJ3qEj3tE1'
    '_AspNet_ApplicationCookie' => '1uWAXolfCII-EjfX38ddi-dRROpOSTerbmJ6KbK-FBbWTDLIj0cFbSc4xrUfoqz-nfzAP8xt3W6tvMtJdAewtl4hlj516xZZWqaJs0USpBAZikDmXWG_nLPtSzj74W8xweg79kJGw7Is5ZVdCwPCbCkO_4KiLiuen7mPKW47rJ8MqSlyYrAPRAU-pbMwIQ60eVnxd6DeV5z5Zr043BnI3pqIe0zyIwjzx9FFUOjPJLrlAIphzDkwx14g8b97wnrEJqYrzZ219amTHg98aBqNhyIxv3ydlpckmhzKx1e0D5UlTzFcinutwRleRCH3L-04QybyJrTyhTHyOqfXFiBtc1pGx1OqxKcAn4H3QUrBR3PkBlPp7lyspeMQ07lgZ0LBhrUSbcuj7Z5w0ABG3l_yAa3qKVPo0Ay6tr17bs-qhDNxHOUQO2CxGgP1KrzpOGwTjbCHR2zjBMrk63ZqzJF_OEpMaIXmrhADEZyzii0tA3nvJexDSGmB8qgQHRLFmAUw'
    'optimizelySegments' => '{\"2332430320\":\"false\",\"2360760115\":\"direct\",\"2366190111\":\"gc\"}'
    'optimizelyEndUserId' => 'oeu1471581584808r0.03560499770328707'
    'optimizelyBuckets' => '{}'
    '__utma' => '111872281.1995383452.1471581586.1471581586.1471581586.1'
    '__utmc' => '111872281'
    '__utmz' => '111872281.1471581586.1.1.utmcsr=(direct)|utmccn=(direct)|utmcmd=(none)'
    '_vwo_uuid_v2' => '36228F98D123246E023E706E6AF60F17|3a3024b93f27a1946d7098979a08055d'
    '__atuvc' => '0|29,0|30,0|31,0|32,1|33'
    '_csrf-frontend' => 'b8ad0b2b942df79e752bdf93f5f9ce6fe1f85a3e6acb393fc044de61bd8517fba:2:{i:0;s:14:\"_csrf-frontend\";i:1;s:32:\"KZddtIkiJx--N14UPjW_2J6wprslewXA\";}'
    '_csrf-backend' => 'b8a2ca99565504e7b7fca33bad55d514a4cf355a80c1e4aa6ca9c5e0d949e412a:2:{i:0;s:13:\"_csrf-backend\";i:1;s:32:\"nQprek-o31kfKBuUuVSJfwWi_VBz9QPC\";}'
    'advanced-frontend' => 'rn5qbkk21n5nh68t28iccvmvf1'
    'advanced-backend' => 'q053jbel5bf8qjkcbfp1ii0s70'
    'PHPSESSID' => 'kch9ogejrecni8clvt2eu5jft6'
    '_csrf' => 'b524561da93de8fc7d8e0ecd485ba439205fb09a245b391bdc202b3768e44dada:2:{i:0;s:5:\"_csrf\";i:1;s:32:\"JAQqAWJjy0h9gf_qxBgetsHRu5ir33jD\";}'
]

$_SESSION = [
    '__flash' => []
]

$_SERVER = [
    'REDIRECT_MIBDIRS' => 'D:/xampp/php/extras/mibs'
    'REDIRECT_MYSQL_HOME' => '\\xampp\\mysql\\bin'
    'REDIRECT_OPENSSL_CONF' => 'D:/xampp/apache/bin/openssl.cnf'
    'REDIRECT_PHP_PEAR_SYSCONF_DIR' => '\\xampp\\php'
    'REDIRECT_PHPRC' => '\\xampp\\php'
    'REDIRECT_TMP' => '\\xampp\\tmp'
    'REDIRECT_STATUS' => '200'
    'MIBDIRS' => 'D:/xampp/php/extras/mibs'
    'MYSQL_HOME' => '\\xampp\\mysql\\bin'
    'OPENSSL_CONF' => 'D:/xampp/apache/bin/openssl.cnf'
    'PHP_PEAR_SYSCONF_DIR' => '\\xampp\\php'
    'PHPRC' => '\\xampp\\php'
    'TMP' => '\\xampp\\tmp'
    'HTTP_HOST' => 'localhost:3636'
    'HTTP_CONNECTION' => 'keep-alive'
    'HTTP_UPGRADE_INSECURE_REQUESTS' => '1'
    'HTTP_USER_AGENT' => 'Mozilla/5.0 (Windows NT 6.3; WOW64) AppleWebKit/537.36 (KHTML, like Gecko) Chrome/52.0.2743.116 Safari/537.36'
    'HTTP_ACCEPT' => 'text/html,application/xhtml+xml,application/xml;q=0.9,image/webp,*/*;q=0.8'
    'HTTP_ACCEPT_ENCODING' => 'gzip, deflate, sdch'
    'HTTP_ACCEPT_LANGUAGE' => 'th-TH,th;q=0.8,en;q=0.6'
    'HTTP_COOKIE' => 'ai_user=gke2r|2016-02-18T08:14:18.094Z; ASP.NET_SessionId=xgnvyfhz0suxhwiacvncrza2; __RequestVerificationToken=q9fhQonFwf8u27JaPaH7O13NzvWJe-ovbkjdrTKrLUHuDw4zuME_ZVQwUXxYIz9MXyRB9v-dxoPNTysNYhH2Lu86g25puCai8DnJ3qEj3tE1; .AspNet.ApplicationCookie=1uWAXolfCII-EjfX38ddi-dRROpOSTerbmJ6KbK-FBbWTDLIj0cFbSc4xrUfoqz-nfzAP8xt3W6tvMtJdAewtl4hlj516xZZWqaJs0USpBAZikDmXWG_nLPtSzj74W8xweg79kJGw7Is5ZVdCwPCbCkO_4KiLiuen7mPKW47rJ8MqSlyYrAPRAU-pbMwIQ60eVnxd6DeV5z5Zr043BnI3pqIe0zyIwjzx9FFUOjPJLrlAIphzDkwx14g8b97wnrEJqYrzZ219amTHg98aBqNhyIxv3ydlpckmhzKx1e0D5UlTzFcinutwRleRCH3L-04QybyJrTyhTHyOqfXFiBtc1pGx1OqxKcAn4H3QUrBR3PkBlPp7lyspeMQ07lgZ0LBhrUSbcuj7Z5w0ABG3l_yAa3qKVPo0Ay6tr17bs-qhDNxHOUQO2CxGgP1KrzpOGwTjbCHR2zjBMrk63ZqzJF_OEpMaIXmrhADEZyzii0tA3nvJexDSGmB8qgQHRLFmAUw; optimizelySegments=%7B%222332430320%22%3A%22false%22%2C%222360760115%22%3A%22direct%22%2C%222366190111%22%3A%22gc%22%7D; optimizelyEndUserId=oeu1471581584808r0.03560499770328707; optimizelyBuckets=%7B%7D; __utma=111872281.1995383452.1471581586.1471581586.1471581586.1; __utmc=111872281; __utmz=111872281.1471581586.1.1.utmcsr=(direct)|utmccn=(direct)|utmcmd=(none); _vwo_uuid_v2=36228F98D123246E023E706E6AF60F17|3a3024b93f27a1946d7098979a08055d; __atuvc=0%7C29%2C0%7C30%2C0%7C31%2C0%7C32%2C1%7C33; _csrf-frontend=b8ad0b2b942df79e752bdf93f5f9ce6fe1f85a3e6acb393fc044de61bd8517fba%3A2%3A%7Bi%3A0%3Bs%3A14%3A%22_csrf-frontend%22%3Bi%3A1%3Bs%3A32%3A%22KZddtIkiJx--N14UPjW_2J6wprslewXA%22%3B%7D; _csrf-backend=b8a2ca99565504e7b7fca33bad55d514a4cf355a80c1e4aa6ca9c5e0d949e412a%3A2%3A%7Bi%3A0%3Bs%3A13%3A%22_csrf-backend%22%3Bi%3A1%3Bs%3A32%3A%22nQprek-o31kfKBuUuVSJfwWi_VBz9QPC%22%3B%7D; advanced-frontend=rn5qbkk21n5nh68t28iccvmvf1; advanced-backend=q053jbel5bf8qjkcbfp1ii0s70; PHPSESSID=kch9ogejrecni8clvt2eu5jft6; _csrf=b524561da93de8fc7d8e0ecd485ba439205fb09a245b391bdc202b3768e44dada%3A2%3A%7Bi%3A0%3Bs%3A5%3A%22_csrf%22%3Bi%3A1%3Bs%3A32%3A%22JAQqAWJjy0h9gf_qxBgetsHRu5ir33jD%22%3B%7D'
    'PATH' => 'C:\\Program Files (x86)\\iis express\\PHP\\v5.5;C:\\WINDOWS\\system32\\inetsrv;C:\\php7;C:\\ProgramData\\Oracle\\Java\\javapath;C:\\Program Files (x86)\\Intel\\iCLS Client\\;C:\\Program Files\\Intel\\iCLS Client\\;C:\\WINDOWS\\system32;C:\\WINDOWS;C:\\WINDOWS\\System32\\Wbem;C:\\WINDOWS\\System32\\WindowsPowerShell\\v1.0\\;C:\\Program Files\\Intel\\Intel(R) Management Engine Components\\DAL;C:\\Program Files\\Intel\\Intel(R) Management Engine Components\\IPT;C:\\Program Files (x86)\\Intel\\Intel(R) Management Engine Components\\DAL;C:\\Program Files (x86)\\Intel\\Intel(R) Management Engine Components\\IPT;C:\\Program Files (x86)\\Microsoft SDKs\\TypeScript\\1.0\\;D:\\xampp\\php;C:\\ProgramData\\ComposerSetup\\bin; C:\\Windows\\SysWOW64; C:\\ProgramData\\ComposerSetup\\bin;C:\\Program Files (x86)\\Windows Kits\\10\\Windows Performance Toolkit\\;C:\\Program Files (x86)\\nodejs\\;C:\\Program Files\\Microsoft SQL Server\\120\\Tools\\Binn\\;C:\\Program Files\\Microsoft SQL Server\\Client SDK\\ODBC\\110\\Tools\\Binn\\;C:\\Program Files (x86)\\Microsoft SQL Server\\120\\Tools\\Binn\\;C:\\Program Files\\Mic;'
    'SystemRoot' => 'C:\\WINDOWS'
    'COMSPEC' => 'C:\\WINDOWS\\system32\\cmd.exe'
    'PATHEXT' => '.COM;.EXE;.BAT;.CMD;.VBS;.VBE;.JS;.JSE;.WSF;.WSH;.MSC'
    'WINDIR' => 'C:\\WINDOWS'
    'SERVER_SIGNATURE' => '<address>Apache/2.4.12 (Win32) OpenSSL/1.0.1l PHP/5.5.24 Server at localhost Port 3636</address>
'
    'SERVER_SOFTWARE' => 'Apache/2.4.12 (Win32) OpenSSL/1.0.1l PHP/5.5.24'
    'SERVER_NAME' => 'localhost'
    'SERVER_ADDR' => '::1'
    'SERVER_PORT' => '3636'
    'REMOTE_ADDR' => '::1'
    'DOCUMENT_ROOT' => 'D:/xampp/htdocs'
    'REQUEST_SCHEME' => 'http'
    'CONTEXT_PREFIX' => ''
    'CONTEXT_DOCUMENT_ROOT' => 'D:/xampp/htdocs'
    'SERVER_ADMIN' => 'postmaster@localhost'
    'SCRIPT_FILENAME' => 'D:/xampp/htdocs/OrderManager/index.php'
    'REMOTE_PORT' => '51924'
    'REDIRECT_URL' => '/OrderManager/frontend/web'
    'GATEWAY_INTERFACE' => 'CGI/1.1'
    'SERVER_PROTOCOL' => 'HTTP/1.1'
    'REQUEST_METHOD' => 'GET'
    'QUERY_STRING' => ''
    'REQUEST_URI' => '/OrderManager/frontend/web'
    'SCRIPT_NAME' => '/OrderManager/index.php'
    'PHP_SELF' => '/OrderManager/index.php'
    'REQUEST_TIME_FLOAT' => 1472178225.093
    'REQUEST_TIME' => 1472178225
]
2016-08-26 04:23:52 [::1][-][kch9ogejrecni8clvt2eu5jft6][error][yii\web\HttpException:404] exception 'yii\base\InvalidRouteException' with message 'Unable to resolve the request "frontend/web/index.php".' in D:\xampp\htdocs\OrderManager\_protected\vendor\yiisoft\yii2\base\Module.php:460
Stack trace:
#0 D:\xampp\htdocs\OrderManager\_protected\vendor\yiisoft\yii2\web\Application.php(87): yii\base\Module->runAction('frontend/web/in...', Array)
#1 D:\xampp\htdocs\OrderManager\_protected\vendor\yiisoft\yii2\base\Application.php(375): yii\web\Application->handleRequest(Object(yii\web\Request))
#2 D:\xampp\htdocs\OrderManager\index.php(18): yii\base\Application->run()
#3 {main}

Next exception 'yii\web\NotFoundHttpException' with message 'Page not found.' in D:\xampp\htdocs\OrderManager\_protected\vendor\yiisoft\yii2\web\Application.php:99
Stack trace:
#0 D:\xampp\htdocs\OrderManager\_protected\vendor\yiisoft\yii2\base\Application.php(375): yii\web\Application->handleRequest(Object(yii\web\Request))
#1 D:\xampp\htdocs\OrderManager\index.php(18): yii\base\Application->run()
#2 {main}
2016-08-26 04:23:51 [::1][-][kch9ogejrecni8clvt2eu5jft6][info][application] $_COOKIE = [
    'ai_user' => 'gke2r|2016-02-18T08:14:18.094Z'
    'ASP_NET_SessionId' => 'xgnvyfhz0suxhwiacvncrza2'
    '__RequestVerificationToken' => 'q9fhQonFwf8u27JaPaH7O13NzvWJe-ovbkjdrTKrLUHuDw4zuME_ZVQwUXxYIz9MXyRB9v-dxoPNTysNYhH2Lu86g25puCai8DnJ3qEj3tE1'
    '_AspNet_ApplicationCookie' => '1uWAXolfCII-EjfX38ddi-dRROpOSTerbmJ6KbK-FBbWTDLIj0cFbSc4xrUfoqz-nfzAP8xt3W6tvMtJdAewtl4hlj516xZZWqaJs0USpBAZikDmXWG_nLPtSzj74W8xweg79kJGw7Is5ZVdCwPCbCkO_4KiLiuen7mPKW47rJ8MqSlyYrAPRAU-pbMwIQ60eVnxd6DeV5z5Zr043BnI3pqIe0zyIwjzx9FFUOjPJLrlAIphzDkwx14g8b97wnrEJqYrzZ219amTHg98aBqNhyIxv3ydlpckmhzKx1e0D5UlTzFcinutwRleRCH3L-04QybyJrTyhTHyOqfXFiBtc1pGx1OqxKcAn4H3QUrBR3PkBlPp7lyspeMQ07lgZ0LBhrUSbcuj7Z5w0ABG3l_yAa3qKVPo0Ay6tr17bs-qhDNxHOUQO2CxGgP1KrzpOGwTjbCHR2zjBMrk63ZqzJF_OEpMaIXmrhADEZyzii0tA3nvJexDSGmB8qgQHRLFmAUw'
    'optimizelySegments' => '{\"2332430320\":\"false\",\"2360760115\":\"direct\",\"2366190111\":\"gc\"}'
    'optimizelyEndUserId' => 'oeu1471581584808r0.03560499770328707'
    'optimizelyBuckets' => '{}'
    '__utma' => '111872281.1995383452.1471581586.1471581586.1471581586.1'
    '__utmc' => '111872281'
    '__utmz' => '111872281.1471581586.1.1.utmcsr=(direct)|utmccn=(direct)|utmcmd=(none)'
    '_vwo_uuid_v2' => '36228F98D123246E023E706E6AF60F17|3a3024b93f27a1946d7098979a08055d'
    '__atuvc' => '0|29,0|30,0|31,0|32,1|33'
    '_csrf-frontend' => 'b8ad0b2b942df79e752bdf93f5f9ce6fe1f85a3e6acb393fc044de61bd8517fba:2:{i:0;s:14:\"_csrf-frontend\";i:1;s:32:\"KZddtIkiJx--N14UPjW_2J6wprslewXA\";}'
    '_csrf-backend' => 'b8a2ca99565504e7b7fca33bad55d514a4cf355a80c1e4aa6ca9c5e0d949e412a:2:{i:0;s:13:\"_csrf-backend\";i:1;s:32:\"nQprek-o31kfKBuUuVSJfwWi_VBz9QPC\";}'
    'advanced-frontend' => 'rn5qbkk21n5nh68t28iccvmvf1'
    'advanced-backend' => 'q053jbel5bf8qjkcbfp1ii0s70'
    'PHPSESSID' => 'kch9ogejrecni8clvt2eu5jft6'
    '_csrf' => 'b524561da93de8fc7d8e0ecd485ba439205fb09a245b391bdc202b3768e44dada:2:{i:0;s:5:\"_csrf\";i:1;s:32:\"JAQqAWJjy0h9gf_qxBgetsHRu5ir33jD\";}'
]

$_SESSION = [
    '__flash' => []
]

$_SERVER = [
    'REDIRECT_MIBDIRS' => 'D:/xampp/php/extras/mibs'
    'REDIRECT_MYSQL_HOME' => '\\xampp\\mysql\\bin'
    'REDIRECT_OPENSSL_CONF' => 'D:/xampp/apache/bin/openssl.cnf'
    'REDIRECT_PHP_PEAR_SYSCONF_DIR' => '\\xampp\\php'
    'REDIRECT_PHPRC' => '\\xampp\\php'
    'REDIRECT_TMP' => '\\xampp\\tmp'
    'REDIRECT_STATUS' => '200'
    'MIBDIRS' => 'D:/xampp/php/extras/mibs'
    'MYSQL_HOME' => '\\xampp\\mysql\\bin'
    'OPENSSL_CONF' => 'D:/xampp/apache/bin/openssl.cnf'
    'PHP_PEAR_SYSCONF_DIR' => '\\xampp\\php'
    'PHPRC' => '\\xampp\\php'
    'TMP' => '\\xampp\\tmp'
    'HTTP_HOST' => 'localhost:3636'
    'HTTP_CONNECTION' => 'keep-alive'
    'HTTP_UPGRADE_INSECURE_REQUESTS' => '1'
    'HTTP_USER_AGENT' => 'Mozilla/5.0 (Windows NT 6.3; WOW64) AppleWebKit/537.36 (KHTML, like Gecko) Chrome/52.0.2743.116 Safari/537.36'
    'HTTP_ACCEPT' => 'text/html,application/xhtml+xml,application/xml;q=0.9,image/webp,*/*;q=0.8'
    'HTTP_ACCEPT_ENCODING' => 'gzip, deflate, sdch'
    'HTTP_ACCEPT_LANGUAGE' => 'th-TH,th;q=0.8,en;q=0.6'
    'HTTP_COOKIE' => 'ai_user=gke2r|2016-02-18T08:14:18.094Z; ASP.NET_SessionId=xgnvyfhz0suxhwiacvncrza2; __RequestVerificationToken=q9fhQonFwf8u27JaPaH7O13NzvWJe-ovbkjdrTKrLUHuDw4zuME_ZVQwUXxYIz9MXyRB9v-dxoPNTysNYhH2Lu86g25puCai8DnJ3qEj3tE1; .AspNet.ApplicationCookie=1uWAXolfCII-EjfX38ddi-dRROpOSTerbmJ6KbK-FBbWTDLIj0cFbSc4xrUfoqz-nfzAP8xt3W6tvMtJdAewtl4hlj516xZZWqaJs0USpBAZikDmXWG_nLPtSzj74W8xweg79kJGw7Is5ZVdCwPCbCkO_4KiLiuen7mPKW47rJ8MqSlyYrAPRAU-pbMwIQ60eVnxd6DeV5z5Zr043BnI3pqIe0zyIwjzx9FFUOjPJLrlAIphzDkwx14g8b97wnrEJqYrzZ219amTHg98aBqNhyIxv3ydlpckmhzKx1e0D5UlTzFcinutwRleRCH3L-04QybyJrTyhTHyOqfXFiBtc1pGx1OqxKcAn4H3QUrBR3PkBlPp7lyspeMQ07lgZ0LBhrUSbcuj7Z5w0ABG3l_yAa3qKVPo0Ay6tr17bs-qhDNxHOUQO2CxGgP1KrzpOGwTjbCHR2zjBMrk63ZqzJF_OEpMaIXmrhADEZyzii0tA3nvJexDSGmB8qgQHRLFmAUw; optimizelySegments=%7B%222332430320%22%3A%22false%22%2C%222360760115%22%3A%22direct%22%2C%222366190111%22%3A%22gc%22%7D; optimizelyEndUserId=oeu1471581584808r0.03560499770328707; optimizelyBuckets=%7B%7D; __utma=111872281.1995383452.1471581586.1471581586.1471581586.1; __utmc=111872281; __utmz=111872281.1471581586.1.1.utmcsr=(direct)|utmccn=(direct)|utmcmd=(none); _vwo_uuid_v2=36228F98D123246E023E706E6AF60F17|3a3024b93f27a1946d7098979a08055d; __atuvc=0%7C29%2C0%7C30%2C0%7C31%2C0%7C32%2C1%7C33; _csrf-frontend=b8ad0b2b942df79e752bdf93f5f9ce6fe1f85a3e6acb393fc044de61bd8517fba%3A2%3A%7Bi%3A0%3Bs%3A14%3A%22_csrf-frontend%22%3Bi%3A1%3Bs%3A32%3A%22KZddtIkiJx--N14UPjW_2J6wprslewXA%22%3B%7D; _csrf-backend=b8a2ca99565504e7b7fca33bad55d514a4cf355a80c1e4aa6ca9c5e0d949e412a%3A2%3A%7Bi%3A0%3Bs%3A13%3A%22_csrf-backend%22%3Bi%3A1%3Bs%3A32%3A%22nQprek-o31kfKBuUuVSJfwWi_VBz9QPC%22%3B%7D; advanced-frontend=rn5qbkk21n5nh68t28iccvmvf1; advanced-backend=q053jbel5bf8qjkcbfp1ii0s70; PHPSESSID=kch9ogejrecni8clvt2eu5jft6; _csrf=b524561da93de8fc7d8e0ecd485ba439205fb09a245b391bdc202b3768e44dada%3A2%3A%7Bi%3A0%3Bs%3A5%3A%22_csrf%22%3Bi%3A1%3Bs%3A32%3A%22JAQqAWJjy0h9gf_qxBgetsHRu5ir33jD%22%3B%7D'
    'PATH' => 'C:\\Program Files (x86)\\iis express\\PHP\\v5.5;C:\\WINDOWS\\system32\\inetsrv;C:\\php7;C:\\ProgramData\\Oracle\\Java\\javapath;C:\\Program Files (x86)\\Intel\\iCLS Client\\;C:\\Program Files\\Intel\\iCLS Client\\;C:\\WINDOWS\\system32;C:\\WINDOWS;C:\\WINDOWS\\System32\\Wbem;C:\\WINDOWS\\System32\\WindowsPowerShell\\v1.0\\;C:\\Program Files\\Intel\\Intel(R) Management Engine Components\\DAL;C:\\Program Files\\Intel\\Intel(R) Management Engine Components\\IPT;C:\\Program Files (x86)\\Intel\\Intel(R) Management Engine Components\\DAL;C:\\Program Files (x86)\\Intel\\Intel(R) Management Engine Components\\IPT;C:\\Program Files (x86)\\Microsoft SDKs\\TypeScript\\1.0\\;D:\\xampp\\php;C:\\ProgramData\\ComposerSetup\\bin; C:\\Windows\\SysWOW64; C:\\ProgramData\\ComposerSetup\\bin;C:\\Program Files (x86)\\Windows Kits\\10\\Windows Performance Toolkit\\;C:\\Program Files (x86)\\nodejs\\;C:\\Program Files\\Microsoft SQL Server\\120\\Tools\\Binn\\;C:\\Program Files\\Microsoft SQL Server\\Client SDK\\ODBC\\110\\Tools\\Binn\\;C:\\Program Files (x86)\\Microsoft SQL Server\\120\\Tools\\Binn\\;C:\\Program Files\\Mic;'
    'SystemRoot' => 'C:\\WINDOWS'
    'COMSPEC' => 'C:\\WINDOWS\\system32\\cmd.exe'
    'PATHEXT' => '.COM;.EXE;.BAT;.CMD;.VBS;.VBE;.JS;.JSE;.WSF;.WSH;.MSC'
    'WINDIR' => 'C:\\WINDOWS'
    'SERVER_SIGNATURE' => '<address>Apache/2.4.12 (Win32) OpenSSL/1.0.1l PHP/5.5.24 Server at localhost Port 3636</address>
'
    'SERVER_SOFTWARE' => 'Apache/2.4.12 (Win32) OpenSSL/1.0.1l PHP/5.5.24'
    'SERVER_NAME' => 'localhost'
    'SERVER_ADDR' => '::1'
    'SERVER_PORT' => '3636'
    'REMOTE_ADDR' => '::1'
    'DOCUMENT_ROOT' => 'D:/xampp/htdocs'
    'REQUEST_SCHEME' => 'http'
    'CONTEXT_PREFIX' => ''
    'CONTEXT_DOCUMENT_ROOT' => 'D:/xampp/htdocs'
    'SERVER_ADMIN' => 'postmaster@localhost'
    'SCRIPT_FILENAME' => 'D:/xampp/htdocs/OrderManager/index.php'
    'REMOTE_PORT' => '51926'
    'REDIRECT_URL' => '/OrderManager/frontend/web/index.php'
    'GATEWAY_INTERFACE' => 'CGI/1.1'
    'SERVER_PROTOCOL' => 'HTTP/1.1'
    'REQUEST_METHOD' => 'GET'
    'QUERY_STRING' => ''
    'REQUEST_URI' => '/OrderManager/frontend/web/index.php'
    'SCRIPT_NAME' => '/OrderManager/index.php'
    'PHP_SELF' => '/OrderManager/index.php'
    'REQUEST_TIME_FLOAT' => 1472178231.852
    'REQUEST_TIME' => 1472178231
]
2016-08-26 04:23:59 [::1][-][kch9ogejrecni8clvt2eu5jft6][error][yii\web\HttpException:404] exception 'yii\base\InvalidRouteException' with message 'Unable to resolve the request "frontend/web/index.php".' in D:\xampp\htdocs\OrderManager\_protected\vendor\yiisoft\yii2\base\Module.php:460
Stack trace:
#0 D:\xampp\htdocs\OrderManager\_protected\vendor\yiisoft\yii2\web\Application.php(87): yii\base\Module->runAction('frontend/web/in...', Array)
#1 D:\xampp\htdocs\OrderManager\_protected\vendor\yiisoft\yii2\base\Application.php(375): yii\web\Application->handleRequest(Object(yii\web\Request))
#2 D:\xampp\htdocs\OrderManager\index.php(18): yii\base\Application->run()
#3 {main}

Next exception 'yii\web\NotFoundHttpException' with message 'Page not found.' in D:\xampp\htdocs\OrderManager\_protected\vendor\yiisoft\yii2\web\Application.php:99
Stack trace:
#0 D:\xampp\htdocs\OrderManager\_protected\vendor\yiisoft\yii2\base\Application.php(375): yii\web\Application->handleRequest(Object(yii\web\Request))
#1 D:\xampp\htdocs\OrderManager\index.php(18): yii\base\Application->run()
#2 {main}
2016-08-26 04:23:59 [::1][-][kch9ogejrecni8clvt2eu5jft6][info][application] $_COOKIE = [
    'ai_user' => 'gke2r|2016-02-18T08:14:18.094Z'
    'ASP_NET_SessionId' => 'xgnvyfhz0suxhwiacvncrza2'
    '__RequestVerificationToken' => 'q9fhQonFwf8u27JaPaH7O13NzvWJe-ovbkjdrTKrLUHuDw4zuME_ZVQwUXxYIz9MXyRB9v-dxoPNTysNYhH2Lu86g25puCai8DnJ3qEj3tE1'
    '_AspNet_ApplicationCookie' => '1uWAXolfCII-EjfX38ddi-dRROpOSTerbmJ6KbK-FBbWTDLIj0cFbSc4xrUfoqz-nfzAP8xt3W6tvMtJdAewtl4hlj516xZZWqaJs0USpBAZikDmXWG_nLPtSzj74W8xweg79kJGw7Is5ZVdCwPCbCkO_4KiLiuen7mPKW47rJ8MqSlyYrAPRAU-pbMwIQ60eVnxd6DeV5z5Zr043BnI3pqIe0zyIwjzx9FFUOjPJLrlAIphzDkwx14g8b97wnrEJqYrzZ219amTHg98aBqNhyIxv3ydlpckmhzKx1e0D5UlTzFcinutwRleRCH3L-04QybyJrTyhTHyOqfXFiBtc1pGx1OqxKcAn4H3QUrBR3PkBlPp7lyspeMQ07lgZ0LBhrUSbcuj7Z5w0ABG3l_yAa3qKVPo0Ay6tr17bs-qhDNxHOUQO2CxGgP1KrzpOGwTjbCHR2zjBMrk63ZqzJF_OEpMaIXmrhADEZyzii0tA3nvJexDSGmB8qgQHRLFmAUw'
    'optimizelySegments' => '{\"2332430320\":\"false\",\"2360760115\":\"direct\",\"2366190111\":\"gc\"}'
    'optimizelyEndUserId' => 'oeu1471581584808r0.03560499770328707'
    'optimizelyBuckets' => '{}'
    '__utma' => '111872281.1995383452.1471581586.1471581586.1471581586.1'
    '__utmc' => '111872281'
    '__utmz' => '111872281.1471581586.1.1.utmcsr=(direct)|utmccn=(direct)|utmcmd=(none)'
    '_vwo_uuid_v2' => '36228F98D123246E023E706E6AF60F17|3a3024b93f27a1946d7098979a08055d'
    '__atuvc' => '0|29,0|30,0|31,0|32,1|33'
    '_csrf-frontend' => 'b8ad0b2b942df79e752bdf93f5f9ce6fe1f85a3e6acb393fc044de61bd8517fba:2:{i:0;s:14:\"_csrf-frontend\";i:1;s:32:\"KZddtIkiJx--N14UPjW_2J6wprslewXA\";}'
    '_csrf-backend' => 'b8a2ca99565504e7b7fca33bad55d514a4cf355a80c1e4aa6ca9c5e0d949e412a:2:{i:0;s:13:\"_csrf-backend\";i:1;s:32:\"nQprek-o31kfKBuUuVSJfwWi_VBz9QPC\";}'
    'advanced-frontend' => 'rn5qbkk21n5nh68t28iccvmvf1'
    'advanced-backend' => 'q053jbel5bf8qjkcbfp1ii0s70'
    'PHPSESSID' => 'kch9ogejrecni8clvt2eu5jft6'
    '_csrf' => 'b524561da93de8fc7d8e0ecd485ba439205fb09a245b391bdc202b3768e44dada:2:{i:0;s:5:\"_csrf\";i:1;s:32:\"JAQqAWJjy0h9gf_qxBgetsHRu5ir33jD\";}'
]

$_SESSION = [
    '__flash' => []
]

$_SERVER = [
    'REDIRECT_MIBDIRS' => 'D:/xampp/php/extras/mibs'
    'REDIRECT_MYSQL_HOME' => '\\xampp\\mysql\\bin'
    'REDIRECT_OPENSSL_CONF' => 'D:/xampp/apache/bin/openssl.cnf'
    'REDIRECT_PHP_PEAR_SYSCONF_DIR' => '\\xampp\\php'
    'REDIRECT_PHPRC' => '\\xampp\\php'
    'REDIRECT_TMP' => '\\xampp\\tmp'
    'REDIRECT_STATUS' => '200'
    'MIBDIRS' => 'D:/xampp/php/extras/mibs'
    'MYSQL_HOME' => '\\xampp\\mysql\\bin'
    'OPENSSL_CONF' => 'D:/xampp/apache/bin/openssl.cnf'
    'PHP_PEAR_SYSCONF_DIR' => '\\xampp\\php'
    'PHPRC' => '\\xampp\\php'
    'TMP' => '\\xampp\\tmp'
    'HTTP_HOST' => 'localhost:3636'
    'HTTP_CONNECTION' => 'keep-alive'
    'HTTP_UPGRADE_INSECURE_REQUESTS' => '1'
    'HTTP_USER_AGENT' => 'Mozilla/5.0 (Windows NT 6.3; WOW64) AppleWebKit/537.36 (KHTML, like Gecko) Chrome/52.0.2743.116 Safari/537.36'
    'HTTP_ACCEPT' => 'text/html,application/xhtml+xml,application/xml;q=0.9,image/webp,*/*;q=0.8'
    'HTTP_ACCEPT_ENCODING' => 'gzip, deflate, sdch'
    'HTTP_ACCEPT_LANGUAGE' => 'th-TH,th;q=0.8,en;q=0.6'
    'HTTP_COOKIE' => 'ai_user=gke2r|2016-02-18T08:14:18.094Z; ASP.NET_SessionId=xgnvyfhz0suxhwiacvncrza2; __RequestVerificationToken=q9fhQonFwf8u27JaPaH7O13NzvWJe-ovbkjdrTKrLUHuDw4zuME_ZVQwUXxYIz9MXyRB9v-dxoPNTysNYhH2Lu86g25puCai8DnJ3qEj3tE1; .AspNet.ApplicationCookie=1uWAXolfCII-EjfX38ddi-dRROpOSTerbmJ6KbK-FBbWTDLIj0cFbSc4xrUfoqz-nfzAP8xt3W6tvMtJdAewtl4hlj516xZZWqaJs0USpBAZikDmXWG_nLPtSzj74W8xweg79kJGw7Is5ZVdCwPCbCkO_4KiLiuen7mPKW47rJ8MqSlyYrAPRAU-pbMwIQ60eVnxd6DeV5z5Zr043BnI3pqIe0zyIwjzx9FFUOjPJLrlAIphzDkwx14g8b97wnrEJqYrzZ219amTHg98aBqNhyIxv3ydlpckmhzKx1e0D5UlTzFcinutwRleRCH3L-04QybyJrTyhTHyOqfXFiBtc1pGx1OqxKcAn4H3QUrBR3PkBlPp7lyspeMQ07lgZ0LBhrUSbcuj7Z5w0ABG3l_yAa3qKVPo0Ay6tr17bs-qhDNxHOUQO2CxGgP1KrzpOGwTjbCHR2zjBMrk63ZqzJF_OEpMaIXmrhADEZyzii0tA3nvJexDSGmB8qgQHRLFmAUw; optimizelySegments=%7B%222332430320%22%3A%22false%22%2C%222360760115%22%3A%22direct%22%2C%222366190111%22%3A%22gc%22%7D; optimizelyEndUserId=oeu1471581584808r0.03560499770328707; optimizelyBuckets=%7B%7D; __utma=111872281.1995383452.1471581586.1471581586.1471581586.1; __utmc=111872281; __utmz=111872281.1471581586.1.1.utmcsr=(direct)|utmccn=(direct)|utmcmd=(none); _vwo_uuid_v2=36228F98D123246E023E706E6AF60F17|3a3024b93f27a1946d7098979a08055d; __atuvc=0%7C29%2C0%7C30%2C0%7C31%2C0%7C32%2C1%7C33; _csrf-frontend=b8ad0b2b942df79e752bdf93f5f9ce6fe1f85a3e6acb393fc044de61bd8517fba%3A2%3A%7Bi%3A0%3Bs%3A14%3A%22_csrf-frontend%22%3Bi%3A1%3Bs%3A32%3A%22KZddtIkiJx--N14UPjW_2J6wprslewXA%22%3B%7D; _csrf-backend=b8a2ca99565504e7b7fca33bad55d514a4cf355a80c1e4aa6ca9c5e0d949e412a%3A2%3A%7Bi%3A0%3Bs%3A13%3A%22_csrf-backend%22%3Bi%3A1%3Bs%3A32%3A%22nQprek-o31kfKBuUuVSJfwWi_VBz9QPC%22%3B%7D; advanced-frontend=rn5qbkk21n5nh68t28iccvmvf1; advanced-backend=q053jbel5bf8qjkcbfp1ii0s70; PHPSESSID=kch9ogejrecni8clvt2eu5jft6; _csrf=b524561da93de8fc7d8e0ecd485ba439205fb09a245b391bdc202b3768e44dada%3A2%3A%7Bi%3A0%3Bs%3A5%3A%22_csrf%22%3Bi%3A1%3Bs%3A32%3A%22JAQqAWJjy0h9gf_qxBgetsHRu5ir33jD%22%3B%7D'
    'PATH' => 'C:\\Program Files (x86)\\iis express\\PHP\\v5.5;C:\\WINDOWS\\system32\\inetsrv;C:\\php7;C:\\ProgramData\\Oracle\\Java\\javapath;C:\\Program Files (x86)\\Intel\\iCLS Client\\;C:\\Program Files\\Intel\\iCLS Client\\;C:\\WINDOWS\\system32;C:\\WINDOWS;C:\\WINDOWS\\System32\\Wbem;C:\\WINDOWS\\System32\\WindowsPowerShell\\v1.0\\;C:\\Program Files\\Intel\\Intel(R) Management Engine Components\\DAL;C:\\Program Files\\Intel\\Intel(R) Management Engine Components\\IPT;C:\\Program Files (x86)\\Intel\\Intel(R) Management Engine Components\\DAL;C:\\Program Files (x86)\\Intel\\Intel(R) Management Engine Components\\IPT;C:\\Program Files (x86)\\Microsoft SDKs\\TypeScript\\1.0\\;D:\\xampp\\php;C:\\ProgramData\\ComposerSetup\\bin; C:\\Windows\\SysWOW64; C:\\ProgramData\\ComposerSetup\\bin;C:\\Program Files (x86)\\Windows Kits\\10\\Windows Performance Toolkit\\;C:\\Program Files (x86)\\nodejs\\;C:\\Program Files\\Microsoft SQL Server\\120\\Tools\\Binn\\;C:\\Program Files\\Microsoft SQL Server\\Client SDK\\ODBC\\110\\Tools\\Binn\\;C:\\Program Files (x86)\\Microsoft SQL Server\\120\\Tools\\Binn\\;C:\\Program Files\\Mic;'
    'SystemRoot' => 'C:\\WINDOWS'
    'COMSPEC' => 'C:\\WINDOWS\\system32\\cmd.exe'
    'PATHEXT' => '.COM;.EXE;.BAT;.CMD;.VBS;.VBE;.JS;.JSE;.WSF;.WSH;.MSC'
    'WINDIR' => 'C:\\WINDOWS'
    'SERVER_SIGNATURE' => '<address>Apache/2.4.12 (Win32) OpenSSL/1.0.1l PHP/5.5.24 Server at localhost Port 3636</address>
'
    'SERVER_SOFTWARE' => 'Apache/2.4.12 (Win32) OpenSSL/1.0.1l PHP/5.5.24'
    'SERVER_NAME' => 'localhost'
    'SERVER_ADDR' => '::1'
    'SERVER_PORT' => '3636'
    'REMOTE_ADDR' => '::1'
    'DOCUMENT_ROOT' => 'D:/xampp/htdocs'
    'REQUEST_SCHEME' => 'http'
    'CONTEXT_PREFIX' => ''
    'CONTEXT_DOCUMENT_ROOT' => 'D:/xampp/htdocs'
    'SERVER_ADMIN' => 'postmaster@localhost'
    'SCRIPT_FILENAME' => 'D:/xampp/htdocs/OrderManager/index.php'
    'REMOTE_PORT' => '51927'
    'REDIRECT_URL' => '/OrderManager/frontend/web/index.php'
    'GATEWAY_INTERFACE' => 'CGI/1.1'
    'SERVER_PROTOCOL' => 'HTTP/1.1'
    'REQUEST_METHOD' => 'GET'
    'QUERY_STRING' => ''
    'REQUEST_URI' => '/OrderManager/frontend/web/index.php'
    'SCRIPT_NAME' => '/OrderManager/index.php'
    'PHP_SELF' => '/OrderManager/index.php'
    'REQUEST_TIME_FLOAT' => 1472178239.856
    'REQUEST_TIME' => 1472178239
]
